Sat Feb 02 2019 14:00:46 GMT-0500 (Eastern Standard Time)
[Main error] The process was closed.
Error message: pid: (5452), code: (3221225786), signal: (null)

Sat Feb 02 2019 15:41:53 GMT-0500 (Eastern Standard Time)
[Main] Thread 1 started.

Sat Feb 02 2019 15:41:54 GMT-0500 (Eastern Standard Time)
[Guilds warn] Command taunt was not found.

Sat Feb 02 2019 15:41:54 GMT-0500 (Eastern Standard Time)
[Guilds warn] Command taunt was not found.

Sat Feb 02 2019 15:41:54 GMT-0500 (Eastern Standard Time)
[Guilds warn] Command taunt was not found.

Sat Feb 02 2019 15:41:58 GMT-0500 (Eastern Standard Time)
[Handler] Initializing middlewares, if any.

Sat Feb 02 2019 15:41:58 GMT-0500 (Eastern Standard Time)
[Handler] Serving 3 server(s).

Sat Feb 02 2019 15:41:58 GMT-0500 (Eastern Standard Time)
[Handler] Logged in as Promethus.

Sat Feb 02 2019 15:41:58 GMT-0500 (Eastern Standard Time)
[Handler] Initialization ready, monitoring activity...

Sun Feb 03 2019 20:37:09 GMT-0500 (Eastern Standard Time)
[Main] Thread 1 started.

Sun Feb 03 2019 20:37:10 GMT-0500 (Eastern Standard Time)
[Guilds warn] Command taunt was not found.

Sun Feb 03 2019 20:37:10 GMT-0500 (Eastern Standard Time)
[Guilds warn] Command taunt was not found.

Sun Feb 03 2019 20:37:10 GMT-0500 (Eastern Standard Time)
[Guilds warn] Command taunt was not found.

Sun Feb 03 2019 20:37:14 GMT-0500 (Eastern Standard Time)
[Handler] Initializing middlewares, if any.

Sun Feb 03 2019 20:37:14 GMT-0500 (Eastern Standard Time)
[Handler] Serving 3 server(s).

Sun Feb 03 2019 20:37:14 GMT-0500 (Eastern Standard Time)
[Handler] Logged in as Promethus.

Sun Feb 03 2019 20:37:14 GMT-0500 (Eastern Standard Time)
[Handler] Initialization ready, monitoring activity...

Sun Feb 03 2019 20:37:33 GMT-0500 (Eastern Standard Time)
[Handler] A triggered command "ping" took 45.4315ms to execute. Execution was made by "DirtyTCM".

Sun Feb 03 2019 20:38:22 GMT-0500 (Eastern Standard Time)
[Handler] A triggered command "ping" took 2.1887ms to execute. Execution was made by "DirtyTCM".

Sun Feb 03 2019 20:39:34 GMT-0500 (Eastern Standard Time)
[Main error] The process was closed.
Error message: pid: (3260), code: (3221225786), signal: (null)

Sun Feb 03 2019 20:39:37 GMT-0500 (Eastern Standard Time)
[Main] Thread 1 started.

Sun Feb 03 2019 20:39:38 GMT-0500 (Eastern Standard Time)
[Guilds warn] Command taunt was not found.

Sun Feb 03 2019 20:39:38 GMT-0500 (Eastern Standard Time)
[Guilds warn] Command taunt was not found.

Sun Feb 03 2019 20:39:38 GMT-0500 (Eastern Standard Time)
[Guilds warn] Command taunt was not found.

Sun Feb 03 2019 20:39:39 GMT-0500 (Eastern Standard Time)
[Handler] Initializing middlewares, if any.

Sun Feb 03 2019 20:39:39 GMT-0500 (Eastern Standard Time)
[Handler] Serving 3 server(s).

Sun Feb 03 2019 20:39:39 GMT-0500 (Eastern Standard Time)
[Handler] Logged in as Promethus.

Sun Feb 03 2019 20:39:39 GMT-0500 (Eastern Standard Time)
[Handler] Initialization ready, monitoring activity...

Sun Feb 03 2019 20:43:25 GMT-0500 (Eastern Standard Time)
[Main error] The process was closed.
Error message: pid: (10860), code: (3221225786), signal: (null)

Sun Feb 03 2019 20:43:29 GMT-0500 (Eastern Standard Time)
[Main] Thread 1 started.

Sun Feb 03 2019 20:43:29 GMT-0500 (Eastern Standard Time)
[Guilds warn] Command taunt was not found.

Sun Feb 03 2019 20:43:29 GMT-0500 (Eastern Standard Time)
[Guilds warn] Command taunt was not found.

Sun Feb 03 2019 20:43:29 GMT-0500 (Eastern Standard Time)
[Guilds warn] Command taunt was not found.

Sun Feb 03 2019 20:43:30 GMT-0500 (Eastern Standard Time)
[Handler] Initializing middlewares, if any.

Sun Feb 03 2019 20:43:30 GMT-0500 (Eastern Standard Time)
[Handler] Serving 3 server(s).

Sun Feb 03 2019 20:43:30 GMT-0500 (Eastern Standard Time)
[Handler] Logged in as Promethus.

Sun Feb 03 2019 20:43:30 GMT-0500 (Eastern Standard Time)
[Handler] Initialization ready, monitoring activity...

Sun Feb 03 2019 20:43:51 GMT-0500 (Eastern Standard Time)
[Handler] A triggered command "ping" took 11.105999ms to execute. Execution was made by "DirtyTCM".

Sun Feb 03 2019 20:46:31 GMT-0500 (Eastern Standard Time)
[Main error] The process was closed.
Error message: pid: (10724), code: (3221225786), signal: (null)

Sun Feb 03 2019 20:46:34 GMT-0500 (Eastern Standard Time)
[Main] Thread 1 started.

Sun Feb 03 2019 20:46:34 GMT-0500 (Eastern Standard Time)
[Guilds warn] Command taunt was not found.

Sun Feb 03 2019 20:46:34 GMT-0500 (Eastern Standard Time)
[Guilds warn] Command taunt was not found.

Sun Feb 03 2019 20:46:34 GMT-0500 (Eastern Standard Time)
[Guilds warn] Command taunt was not found.

Sun Feb 03 2019 20:46:35 GMT-0500 (Eastern Standard Time)
[Handler] Initializing middlewares, if any.

Sun Feb 03 2019 20:46:35 GMT-0500 (Eastern Standard Time)
[Handler] Serving 3 server(s).

Sun Feb 03 2019 20:46:35 GMT-0500 (Eastern Standard Time)
[Handler] Logged in as Promethus.

Sun Feb 03 2019 20:46:35 GMT-0500 (Eastern Standard Time)
[Handler] Initialization ready, monitoring activity...

Sun Feb 03 2019 20:47:08 GMT-0500 (Eastern Standard Time)
[Main error] The process was closed.
Error message: pid: (6248), code: (3221225786), signal: (null)

Sun Feb 03 2019 20:47:12 GMT-0500 (Eastern Standard Time)
[Main] Thread 1 started.

Sun Feb 03 2019 20:47:12 GMT-0500 (Eastern Standard Time)
[Guilds warn] Command taunt was not found.

Sun Feb 03 2019 20:47:12 GMT-0500 (Eastern Standard Time)
[Guilds warn] Command taunt was not found.

Sun Feb 03 2019 20:47:12 GMT-0500 (Eastern Standard Time)
[Guilds warn] Command taunt was not found.

Sun Feb 03 2019 20:47:13 GMT-0500 (Eastern Standard Time)
[Handler] Initializing middlewares, if any.

Sun Feb 03 2019 20:47:13 GMT-0500 (Eastern Standard Time)
[Handler] Serving 3 server(s).

Sun Feb 03 2019 20:47:13 GMT-0500 (Eastern Standard Time)
[Handler] Logged in as Promethus.

Sun Feb 03 2019 20:47:13 GMT-0500 (Eastern Standard Time)
[Handler] Initialization ready, monitoring activity...

Sun Feb 03 2019 20:47:24 GMT-0500 (Eastern Standard Time)
[Handler] A triggered command "ping" took 9.9355ms to execute. Execution was made by "DirtyTCM".

Sun Feb 03 2019 20:47:31 GMT-0500 (Eastern Standard Time)
[Main error] The process was closed.
Error message: pid: (11640), code: (3221225786), signal: (null)

Sun Feb 03 2019 21:38:00 GMT-0500 (Eastern Standard Time)
[Main] Thread 1 started.

Sun Feb 03 2019 21:38:00 GMT-0500 (Eastern Standard Time)
[Guilds warn] Command taunt was not found.

Sun Feb 03 2019 21:38:00 GMT-0500 (Eastern Standard Time)
[Guilds warn] Command taunt was not found.

Sun Feb 03 2019 21:38:00 GMT-0500 (Eastern Standard Time)
[Guilds warn] Command taunt was not found.

Sun Feb 03 2019 21:38:04 GMT-0500 (Eastern Standard Time)
[Handler] Initializing middlewares, if any.

Sun Feb 03 2019 21:38:04 GMT-0500 (Eastern Standard Time)
[Handler] Serving 3 server(s).

Sun Feb 03 2019 21:38:04 GMT-0500 (Eastern Standard Time)
[Handler] Logged in as Promethus.

Sun Feb 03 2019 21:38:04 GMT-0500 (Eastern Standard Time)
[Handler] Initialization ready, monitoring activity...

Sun Feb 03 2019 21:38:06 GMT-0500 (Eastern Standard Time)
[Handler] A triggered command "ping" took 20.184201ms to execute. Execution was made by "DirtyTCM".

Mon Feb 04 2019 04:47:49 GMT-0500 (Eastern Standard Time)
[Main] Thread 1 started.

Mon Feb 04 2019 04:47:50 GMT-0500 (Eastern Standard Time)
[Guilds warn] Command taunt was not found.

Mon Feb 04 2019 04:47:50 GMT-0500 (Eastern Standard Time)
[Guilds warn] Command taunt was not found.

Mon Feb 04 2019 04:47:50 GMT-0500 (Eastern Standard Time)
[Guilds warn] Command taunt was not found.

Mon Feb 04 2019 04:47:54 GMT-0500 (Eastern Standard Time)
[Handler] Initializing middlewares, if any.

Mon Feb 04 2019 04:47:54 GMT-0500 (Eastern Standard Time)
[Handler] Serving 3 server(s).

Mon Feb 04 2019 04:47:54 GMT-0500 (Eastern Standard Time)
[Handler] Logged in as Promethus.

Mon Feb 04 2019 04:47:54 GMT-0500 (Eastern Standard Time)
[Handler] Initialization ready, monitoring activity...

Mon Feb 04 2019 04:47:55 GMT-0500 (Eastern Standard Time)
[Handler] A triggered command "ping" took 64.3445ms to execute. Execution was made by "DirtyTCM".

Mon Feb 04 2019 04:48:40 GMT-0500 (Eastern Standard Time)
[Misc] Message author (DirtyTCM, 280189800244314113) terminated the bot.

Mon Feb 04 2019 04:48:40 GMT-0500 (Eastern Standard Time)
[Handler] A triggered command "exit" took 4.5598ms to execute. Execution was made by "DirtyTCM".

Mon Feb 04 2019 04:48:42 GMT-0500 (Eastern Standard Time)
[Main] The process was ordered to exit.

Mon Feb 04 2019 04:48:49 GMT-0500 (Eastern Standard Time)
[Main] Thread 1 started.

Mon Feb 04 2019 04:48:49 GMT-0500 (Eastern Standard Time)
[Guilds warn] Command taunt was not found.

Mon Feb 04 2019 04:48:49 GMT-0500 (Eastern Standard Time)
[Guilds warn] Command taunt was not found.

Mon Feb 04 2019 04:48:49 GMT-0500 (Eastern Standard Time)
[Guilds warn] Command taunt was not found.

Mon Feb 04 2019 04:48:50 GMT-0500 (Eastern Standard Time)
[Handler] Initializing middlewares, if any.

Mon Feb 04 2019 04:48:50 GMT-0500 (Eastern Standard Time)
[Handler] Serving 3 server(s).

Mon Feb 04 2019 04:48:50 GMT-0500 (Eastern Standard Time)
[Handler] Logged in as Promethus.

Mon Feb 04 2019 04:48:50 GMT-0500 (Eastern Standard Time)
[Handler] Initialization ready, monitoring activity...

Mon Feb 04 2019 04:57:29 GMT-0500 (Eastern Standard Time)
[Misc] Message author (DirtyTCM, 280189800244314113) terminated the bot.

Mon Feb 04 2019 04:57:29 GMT-0500 (Eastern Standard Time)
[Handler] A triggered command "exit" took 19.515501ms to execute. Execution was made by "DirtyTCM".

Mon Feb 04 2019 04:57:31 GMT-0500 (Eastern Standard Time)
[Main] The process was ordered to exit.

Mon Feb 04 2019 04:58:10 GMT-0500 (Eastern Standard Time)
[Main] Thread 1 started.

Mon Feb 04 2019 04:58:10 GMT-0500 (Eastern Standard Time)
[Guilds warn] Command taunt was not found.

Mon Feb 04 2019 04:58:10 GMT-0500 (Eastern Standard Time)
[Guilds warn] Command taunt was not found.

Mon Feb 04 2019 04:58:10 GMT-0500 (Eastern Standard Time)
[Guilds warn] Command taunt was not found.

Mon Feb 04 2019 04:58:12 GMT-0500 (Eastern Standard Time)
[Handler] Initializing middlewares, if any.

Mon Feb 04 2019 04:58:12 GMT-0500 (Eastern Standard Time)
[Handler] Serving 3 server(s).

Mon Feb 04 2019 04:58:12 GMT-0500 (Eastern Standard Time)
[Handler] Logged in as Promethus.

Mon Feb 04 2019 04:58:12 GMT-0500 (Eastern Standard Time)
[Handler] Initialization ready, monitoring activity...

Mon Feb 04 2019 04:58:17 GMT-0500 (Eastern Standard Time)
[Handler] A triggered command "ping" took 11.0024ms to execute. Execution was made by "DirtyTCM".

Mon Feb 04 2019 05:07:03 GMT-0500 (Eastern Standard Time)
[Handler] A triggered command "ping" took 2.893501ms to execute. Execution was made by "DirtyTCM".

Mon Feb 04 2019 05:07:06 GMT-0500 (Eastern Standard Time)
[Handler] A triggered command "ping" took 1.7824ms to execute. Execution was made by "DirtyTCM".

Mon Feb 04 2019 05:07:07 GMT-0500 (Eastern Standard Time)
[Handler] A triggered command "ping" took 1.2239ms to execute. Execution was made by "DirtyTCM".

Mon Feb 04 2019 05:07:09 GMT-0500 (Eastern Standard Time)
[Handler] A triggered command "ping" took 1.204701ms to execute. Execution was made by "DirtyTCM".

Mon Feb 04 2019 05:07:09 GMT-0500 (Eastern Standard Time)
[Handler] A triggered command "ping" took 0.0822ms to execute. Execution was made by "DirtyTCM".

Mon Feb 04 2019 05:07:17 GMT-0500 (Eastern Standard Time)
[Handler] A triggered command "ping" took 1.322899ms to execute. Execution was made by "DirtyTCM".

Mon Feb 04 2019 05:16:08 GMT-0500 (Eastern Standard Time)
[Main error] The process was closed.
Error message: pid: (9084), code: (3221225786), signal: (null)

Mon Feb 04 2019 05:16:11 GMT-0500 (Eastern Standard Time)
[Main] Thread 1 started.

Mon Feb 04 2019 05:16:12 GMT-0500 (Eastern Standard Time)
[Guilds warn] Command taunt was not found.

Mon Feb 04 2019 05:16:12 GMT-0500 (Eastern Standard Time)
[Guilds warn] Command taunt was not found.

Mon Feb 04 2019 05:16:12 GMT-0500 (Eastern Standard Time)
[Guilds warn] Command taunt was not found.

Mon Feb 04 2019 05:16:13 GMT-0500 (Eastern Standard Time)
[Handler] Initializing middlewares, if any.

Mon Feb 04 2019 05:16:13 GMT-0500 (Eastern Standard Time)
[Handler] Could not find configuration for a guild (507909286446235670). Generating files...

Mon Feb 04 2019 05:16:13 GMT-0500 (Eastern Standard Time)
[Handler] Serving 4 server(s).

Mon Feb 04 2019 05:16:13 GMT-0500 (Eastern Standard Time)
[Handler] Logged in as Promethus.

Mon Feb 04 2019 05:16:13 GMT-0500 (Eastern Standard Time)
[Handler] Initialization ready, monitoring activity...

Mon Feb 04 2019 05:16:13 GMT-0500 (Eastern Standard Time)
[Handler] New guild file(s) added (./guilds/507909286446235670/guild.json).

Mon Feb 04 2019 05:16:13 GMT-0500 (Eastern Standard Time)
[Handler] Make sure the file(s) are configured properly before restarting.

Mon Feb 04 2019 05:16:13 GMT-0500 (Eastern Standard Time)
[Handler error] The process will now exit.
Error message: User must validate the new files.

Mon Feb 04 2019 05:16:13 GMT-0500 (Eastern Standard Time)
[Main error] The process was closed.
Error message: pid: (10412), code: (0), signal: (null)

Mon Feb 04 2019 05:16:25 GMT-0500 (Eastern Standard Time)
[Main] Thread 1 started.

Mon Feb 04 2019 05:16:25 GMT-0500 (Eastern Standard Time)
[Guilds warn] Command taunt was not found.

Mon Feb 04 2019 05:16:25 GMT-0500 (Eastern Standard Time)
[Guilds warn] Command taunt was not found.

Mon Feb 04 2019 05:16:25 GMT-0500 (Eastern Standard Time)
[Guilds warn] Command taunt was not found.

Mon Feb 04 2019 05:16:25 GMT-0500 (Eastern Standard Time)
[Guilds warn] Command taunt was not found.

Mon Feb 04 2019 05:16:27 GMT-0500 (Eastern Standard Time)
[Handler] Initializing middlewares, if any.

Mon Feb 04 2019 05:16:27 GMT-0500 (Eastern Standard Time)
[Handler] Serving 4 server(s).

Mon Feb 04 2019 05:16:27 GMT-0500 (Eastern Standard Time)
[Handler] Logged in as Promethus.

Mon Feb 04 2019 05:16:27 GMT-0500 (Eastern Standard Time)
[Handler] Initialization ready, monitoring activity...

Mon Feb 04 2019 05:16:33 GMT-0500 (Eastern Standard Time)
[Misc] Message author (DirtyTCM, 280189800244314113) terminated the bot.

Mon Feb 04 2019 05:16:33 GMT-0500 (Eastern Standard Time)
[Handler] A triggered command "exit" took 9.7942ms to execute. Execution was made by "DirtyTCM".

Mon Feb 04 2019 05:16:35 GMT-0500 (Eastern Standard Time)
[Main] The process was ordered to exit.

Mon Feb 04 2019 05:16:44 GMT-0500 (Eastern Standard Time)
[Main] Thread 1 started.

Mon Feb 04 2019 05:16:45 GMT-0500 (Eastern Standard Time)
[Guilds warn] Command taunt was not found.

Mon Feb 04 2019 05:16:45 GMT-0500 (Eastern Standard Time)
[Guilds warn] Command taunt was not found.

Mon Feb 04 2019 05:16:45 GMT-0500 (Eastern Standard Time)
[Guilds warn] Command taunt was not found.

Mon Feb 04 2019 05:16:45 GMT-0500 (Eastern Standard Time)
[Guilds warn] Command taunt was not found.

Mon Feb 04 2019 05:16:46 GMT-0500 (Eastern Standard Time)
[Handler] Initializing middlewares, if any.

Mon Feb 04 2019 05:16:46 GMT-0500 (Eastern Standard Time)
[Handler] Serving 4 server(s).

Mon Feb 04 2019 05:16:46 GMT-0500 (Eastern Standard Time)
[Handler] Logged in as Promethus.

Mon Feb 04 2019 05:16:46 GMT-0500 (Eastern Standard Time)
[Handler] Initialization ready, monitoring activity...

Mon Feb 04 2019 05:17:04 GMT-0500 (Eastern Standard Time)
[Misc] Message author (DirtyTCM, 280189800244314113) terminated the bot.

Mon Feb 04 2019 05:17:04 GMT-0500 (Eastern Standard Time)
[Handler] A triggered command "exit" took 40.007301ms to execute. Execution was made by "DirtyTCM".

Mon Feb 04 2019 05:17:06 GMT-0500 (Eastern Standard Time)
[Main] The process was ordered to exit.

Mon Feb 04 2019 05:17:28 GMT-0500 (Eastern Standard Time)
[Main] Thread 1 started.

Mon Feb 04 2019 05:17:28 GMT-0500 (Eastern Standard Time)
[Guilds warn] Command taunt was not found.

Mon Feb 04 2019 05:17:28 GMT-0500 (Eastern Standard Time)
[Guilds warn] Command taunt was not found.

Mon Feb 04 2019 05:17:28 GMT-0500 (Eastern Standard Time)
[Guilds warn] Command taunt was not found.

Mon Feb 04 2019 05:17:28 GMT-0500 (Eastern Standard Time)
[Guilds warn] Command taunt was not found.

Mon Feb 04 2019 05:17:29 GMT-0500 (Eastern Standard Time)
[Handler] Initializing middlewares, if any.

Mon Feb 04 2019 05:17:29 GMT-0500 (Eastern Standard Time)
[Handler] Serving 4 server(s).

Mon Feb 04 2019 05:17:29 GMT-0500 (Eastern Standard Time)
[Handler] Logged in as Promethus.

Mon Feb 04 2019 05:17:29 GMT-0500 (Eastern Standard Time)
[Handler] Initialization ready, monitoring activity...

Mon Feb 04 2019 05:17:33 GMT-0500 (Eastern Standard Time)
[Handler] A triggered command "ping" took 10.7592ms to execute. Execution was made by "DirtyTCM".

Mon Feb 04 2019 05:17:58 GMT-0500 (Eastern Standard Time)
[Handler] A triggered command "ping" took 2.542ms to execute. Execution was made by "DirtyTCM".

Mon Feb 04 2019 05:18:23 GMT-0500 (Eastern Standard Time)
[Handler] A triggered command "ping" took 1.4957ms to execute. Execution was made by "DirtyTCM".

Tue Feb 05 2019 14:16:31 GMT-0500 (Eastern Standard Time)
[Main] Thread 1 started.

Tue Feb 05 2019 14:16:32 GMT-0500 (Eastern Standard Time)
[Guilds warn] Command taunt was not found.

Tue Feb 05 2019 14:16:32 GMT-0500 (Eastern Standard Time)
[Guilds warn] Command taunt was not found.

Tue Feb 05 2019 14:16:32 GMT-0500 (Eastern Standard Time)
[Guilds warn] Command taunt was not found.

Tue Feb 05 2019 14:16:32 GMT-0500 (Eastern Standard Time)
[Guilds warn] Command taunt was not found.

Tue Feb 05 2019 14:16:36 GMT-0500 (Eastern Standard Time)
[Handler] Initializing middlewares, if any.

Tue Feb 05 2019 14:16:36 GMT-0500 (Eastern Standard Time)
[Handler] Serving 4 server(s).

Tue Feb 05 2019 14:16:36 GMT-0500 (Eastern Standard Time)
[Handler] Logged in as Promethus.

Tue Feb 05 2019 14:16:36 GMT-0500 (Eastern Standard Time)
[Handler] Initialization ready, monitoring activity...

Tue Feb 05 2019 14:16:44 GMT-0500 (Eastern Standard Time)
[Handler] A triggered command "ping" took 18.706101ms to execute. Execution was made by "DirtyTCM".

Tue Feb 05 2019 14:17:31 GMT-0500 (Eastern Standard Time)
[Handler] A triggered command "ping" took 3.7076ms to execute. Execution was made by "DirtyTCM".

Tue Feb 05 2019 14:18:01 GMT-0500 (Eastern Standard Time)
[Misc] Message author (DirtyTCM, 280189800244314113) terminated the bot.

Tue Feb 05 2019 14:18:01 GMT-0500 (Eastern Standard Time)
[Handler] A triggered command "exit" took 9.339701ms to execute. Execution was made by "DirtyTCM".

Tue Feb 05 2019 14:18:03 GMT-0500 (Eastern Standard Time)
[Main] The process was ordered to exit.

Tue Feb 05 2019 14:18:10 GMT-0500 (Eastern Standard Time)
[Main] Thread 1 started.

Tue Feb 05 2019 14:18:10 GMT-0500 (Eastern Standard Time)
[Guilds warn] Command taunt was not found.

Tue Feb 05 2019 14:18:10 GMT-0500 (Eastern Standard Time)
[Guilds warn] Command taunt was not found.

Tue Feb 05 2019 14:18:10 GMT-0500 (Eastern Standard Time)
[Guilds warn] Command taunt was not found.

Tue Feb 05 2019 14:18:10 GMT-0500 (Eastern Standard Time)
[Guilds warn] Command taunt was not found.

Tue Feb 05 2019 14:18:11 GMT-0500 (Eastern Standard Time)
[Handler] Initializing middlewares, if any.

Tue Feb 05 2019 14:18:11 GMT-0500 (Eastern Standard Time)
[Handler] Serving 4 server(s).

Tue Feb 05 2019 14:18:11 GMT-0500 (Eastern Standard Time)
[Handler] Logged in as Promethus.

Tue Feb 05 2019 14:18:11 GMT-0500 (Eastern Standard Time)
[Handler] Initialization ready, monitoring activity...

Tue Feb 05 2019 14:18:18 GMT-0500 (Eastern Standard Time)
[Handler] A triggered command "ping" took 8.2338ms to execute. Execution was made by "DirtyTCM".

Tue Feb 05 2019 14:20:36 GMT-0500 (Eastern Standard Time)
[Handler] A triggered command "ping" took 3.613901ms to execute. Execution was made by "DirtyTCM".

Tue Feb 05 2019 14:32:56 GMT-0500 (Eastern Standard Time)
[Handler] A triggered command "ping" took 1.025ms to execute. Execution was made by "DirtyTCM".

Tue Feb 05 2019 14:36:45 GMT-0500 (Eastern Standard Time)
[Misc] Message author (DirtyTCM, 280189800244314113) terminated the bot.

Tue Feb 05 2019 14:36:45 GMT-0500 (Eastern Standard Time)
[Handler] A triggered command "exit" took 3.839499ms to execute. Execution was made by "DirtyTCM".

Tue Feb 05 2019 14:36:48 GMT-0500 (Eastern Standard Time)
[Main] The process was ordered to exit.

Tue Feb 05 2019 14:36:50 GMT-0500 (Eastern Standard Time)
[Main] Thread 1 started.

Tue Feb 05 2019 14:36:50 GMT-0500 (Eastern Standard Time)
[Guilds warn] Command taunt was not found.

Tue Feb 05 2019 14:36:50 GMT-0500 (Eastern Standard Time)
[Guilds warn] Command taunt was not found.

Tue Feb 05 2019 14:36:50 GMT-0500 (Eastern Standard Time)
[Guilds warn] Command taunt was not found.

Tue Feb 05 2019 14:36:50 GMT-0500 (Eastern Standard Time)
[Guilds warn] Command taunt was not found.

Tue Feb 05 2019 14:36:51 GMT-0500 (Eastern Standard Time)
[Handler] Initializing middlewares, if any.

Tue Feb 05 2019 14:36:51 GMT-0500 (Eastern Standard Time)
[Handler] Serving 4 server(s).

Tue Feb 05 2019 14:36:51 GMT-0500 (Eastern Standard Time)
[Handler] Logged in as Promethus.

Tue Feb 05 2019 14:36:51 GMT-0500 (Eastern Standard Time)
[Handler] Initialization ready, monitoring activity...

Tue Feb 05 2019 14:37:35 GMT-0500 (Eastern Standard Time)
[Main error] The process was closed.
Error message: pid: (7968), code: (3221225786), signal: (null)

Tue Feb 05 2019 14:37:37 GMT-0500 (Eastern Standard Time)
[Main] Thread 1 started.

Tue Feb 05 2019 14:37:38 GMT-0500 (Eastern Standard Time)
[Guilds warn] Command taunt was not found.

Tue Feb 05 2019 14:37:38 GMT-0500 (Eastern Standard Time)
[Guilds warn] Command taunt was not found.

Tue Feb 05 2019 14:37:38 GMT-0500 (Eastern Standard Time)
[Guilds warn] Command taunt was not found.

Tue Feb 05 2019 14:37:38 GMT-0500 (Eastern Standard Time)
[Guilds warn] Command taunt was not found.

Tue Feb 05 2019 14:37:39 GMT-0500 (Eastern Standard Time)
[Handler] Initializing middlewares, if any.

Tue Feb 05 2019 14:37:39 GMT-0500 (Eastern Standard Time)
[Handler] Serving 4 server(s).

Tue Feb 05 2019 14:37:39 GMT-0500 (Eastern Standard Time)
[Handler] Logged in as Promethus.

Tue Feb 05 2019 14:37:39 GMT-0500 (Eastern Standard Time)
[Handler] Initialization ready, monitoring activity...

Tue Feb 05 2019 22:48:48 GMT-0500 (Eastern Standard Time)
[Main] Thread 1 started.

Tue Feb 05 2019 22:48:49 GMT-0500 (Eastern Standard Time)
[Guilds warn] Command taunt was not found.

Tue Feb 05 2019 22:48:49 GMT-0500 (Eastern Standard Time)
[Guilds warn] Command say was not found.

Tue Feb 05 2019 22:48:49 GMT-0500 (Eastern Standard Time)
[Guilds warn] Command taunt was not found.

Tue Feb 05 2019 22:48:49 GMT-0500 (Eastern Standard Time)
[Guilds warn] Command taunt was not found.

Tue Feb 05 2019 22:48:49 GMT-0500 (Eastern Standard Time)
[Guilds warn] Command taunt was not found.

Tue Feb 05 2019 22:48:56 GMT-0500 (Eastern Standard Time)
[Handler] Initializing middlewares, if any.

Tue Feb 05 2019 22:48:56 GMT-0500 (Eastern Standard Time)
[Handler] Could not find configuration for a guild (348496010831593472). Generating files...

Tue Feb 05 2019 22:48:56 GMT-0500 (Eastern Standard Time)
[Handler] Serving 5 server(s).

Tue Feb 05 2019 22:48:56 GMT-0500 (Eastern Standard Time)
[Handler] Logged in as Promethus.

Tue Feb 05 2019 22:48:56 GMT-0500 (Eastern Standard Time)
[Handler] Initialization ready, monitoring activity...

Tue Feb 05 2019 22:48:56 GMT-0500 (Eastern Standard Time)
[Handler] New guild file(s) added (./guilds/348496010831593472/guild.json).

Tue Feb 05 2019 22:48:56 GMT-0500 (Eastern Standard Time)
[Handler] Make sure the file(s) are configured properly before restarting.

Tue Feb 05 2019 22:48:56 GMT-0500 (Eastern Standard Time)
[Handler error] The process will now exit.
Error message: User must validate the new files.

Tue Feb 05 2019 22:48:56 GMT-0500 (Eastern Standard Time)
[Main error] The process was closed.
Error message: pid: (8636), code: (0), signal: (null)

Tue Feb 05 2019 22:49:32 GMT-0500 (Eastern Standard Time)
[Main] Thread 1 started.

Tue Feb 05 2019 22:49:32 GMT-0500 (Eastern Standard Time)
[Guilds warn] Command taunt was not found.

Tue Feb 05 2019 22:49:32 GMT-0500 (Eastern Standard Time)
[Guilds warn] Command taunt was not found.

Tue Feb 05 2019 22:49:32 GMT-0500 (Eastern Standard Time)
[Guilds warn] Command say was not found.

Tue Feb 05 2019 22:49:32 GMT-0500 (Eastern Standard Time)
[Guilds warn] Command taunt was not found.

Tue Feb 05 2019 22:49:32 GMT-0500 (Eastern Standard Time)
[Guilds warn] Command taunt was not found.

Tue Feb 05 2019 22:49:32 GMT-0500 (Eastern Standard Time)
[Guilds warn] Command taunt was not found.

Tue Feb 05 2019 22:49:34 GMT-0500 (Eastern Standard Time)
[Handler] Initializing middlewares, if any.

Tue Feb 05 2019 22:49:34 GMT-0500 (Eastern Standard Time)
[Handler] Serving 5 server(s).

Tue Feb 05 2019 22:49:34 GMT-0500 (Eastern Standard Time)
[Handler] Logged in as Promethus.

Tue Feb 05 2019 22:49:34 GMT-0500 (Eastern Standard Time)
[Handler] Initialization ready, monitoring activity...

Tue Feb 05 2019 22:50:09 GMT-0500 (Eastern Standard Time)
[Main error] The process was closed.
Error message: pid: (12512), code: (3221225786), signal: (null)

Tue Feb 05 2019 22:51:00 GMT-0500 (Eastern Standard Time)
[Main] Thread 1 started.

Tue Feb 05 2019 22:51:01 GMT-0500 (Eastern Standard Time)
[Guilds error] Could not get the guilds.
Error message: SyntaxError: C:\Users\studn\Desktop\Promethus Bot\tunnelerjs-master\guilds\348496010831593472\guild.json: Unexpected end of JSON input

Tue Feb 05 2019 22:51:02 GMT-0500 (Eastern Standard Time)
[Handler] Initializing middlewares, if any.

Tue Feb 05 2019 22:51:02 GMT-0500 (Eastern Standard Time)
[Handler] Could not find configuration for a guild (348496010831593472). Generating files...

Tue Feb 05 2019 22:51:02 GMT-0500 (Eastern Standard Time)
[Handler] Could not find configuration for a guild (507909286446235670). Generating files...

Tue Feb 05 2019 22:51:02 GMT-0500 (Eastern Standard Time)
[Handler] Could not find configuration for a guild (514020357410127873). Generating files...

Tue Feb 05 2019 22:51:02 GMT-0500 (Eastern Standard Time)
[Handler] Could not find configuration for a guild (524686923495899150). Generating files...

Tue Feb 05 2019 22:51:02 GMT-0500 (Eastern Standard Time)
[Handler] Could not find configuration for a guild (541090135458971672). Generating files...

Tue Feb 05 2019 22:51:02 GMT-0500 (Eastern Standard Time)
[Handler] Serving 5 server(s).

Tue Feb 05 2019 22:51:02 GMT-0500 (Eastern Standard Time)
[Handler] Logged in as Promethus.

Tue Feb 05 2019 22:51:02 GMT-0500 (Eastern Standard Time)
[Handler] Initialization ready, monitoring activity...

Tue Feb 05 2019 22:51:57 GMT-0500 (Eastern Standard Time)
[Main error] The process was closed.
Error message: pid: (14332), code: (3221225786), signal: (null)

Tue Feb 05 2019 22:52:33 GMT-0500 (Eastern Standard Time)
[Main] Thread 1 started.

Tue Feb 05 2019 22:52:33 GMT-0500 (Eastern Standard Time)
[Guilds warn] Command taunt was not found.

Tue Feb 05 2019 22:52:33 GMT-0500 (Eastern Standard Time)
[Guilds warn] Command say was not found.

Tue Feb 05 2019 22:52:33 GMT-0500 (Eastern Standard Time)
[Guilds warn] Command taunt was not found.

Tue Feb 05 2019 22:52:33 GMT-0500 (Eastern Standard Time)
[Guilds warn] Command say was not found.

Tue Feb 05 2019 22:52:33 GMT-0500 (Eastern Standard Time)
[Guilds warn] Command taunt was not found.

Tue Feb 05 2019 22:52:33 GMT-0500 (Eastern Standard Time)
[Guilds warn] Command taunt was not found.

Tue Feb 05 2019 22:52:33 GMT-0500 (Eastern Standard Time)
[Guilds warn] Command taunt was not found.

Tue Feb 05 2019 22:52:35 GMT-0500 (Eastern Standard Time)
[Handler] Initializing middlewares, if any.

Tue Feb 05 2019 22:52:35 GMT-0500 (Eastern Standard Time)
[Handler] Serving 5 server(s).

Tue Feb 05 2019 22:52:35 GMT-0500 (Eastern Standard Time)
[Handler] Logged in as Promethus.

Tue Feb 05 2019 22:52:35 GMT-0500 (Eastern Standard Time)
[Handler] Initialization ready, monitoring activity...

Tue Feb 05 2019 22:56:07 GMT-0500 (Eastern Standard Time)
[Main error] The process was closed.
Error message: pid: (16036), code: (3221225786), signal: (null)

Tue Feb 05 2019 22:56:10 GMT-0500 (Eastern Standard Time)
[Main] Thread 1 started.

Tue Feb 05 2019 22:56:10 GMT-0500 (Eastern Standard Time)
[Guilds warn] Command taunt was not found.

Tue Feb 05 2019 22:56:10 GMT-0500 (Eastern Standard Time)
[Guilds warn] Command taunt was not found.

Tue Feb 05 2019 22:56:10 GMT-0500 (Eastern Standard Time)
[Guilds warn] Command say was not found.

Tue Feb 05 2019 22:56:10 GMT-0500 (Eastern Standard Time)
[Guilds warn] Command taunt was not found.

Tue Feb 05 2019 22:56:10 GMT-0500 (Eastern Standard Time)
[Guilds warn] Command taunt was not found.

Tue Feb 05 2019 22:56:10 GMT-0500 (Eastern Standard Time)
[Guilds warn] Command taunt was not found.

Tue Feb 05 2019 22:56:11 GMT-0500 (Eastern Standard Time)
[Handler] Initializing middlewares, if any.

Tue Feb 05 2019 22:56:11 GMT-0500 (Eastern Standard Time)
[Handler] Serving 5 server(s).

Tue Feb 05 2019 22:56:11 GMT-0500 (Eastern Standard Time)
[Handler] Logged in as Promethus.

Tue Feb 05 2019 22:56:11 GMT-0500 (Eastern Standard Time)
[Handler] Initialization ready, monitoring activity...

Tue Feb 05 2019 22:56:20 GMT-0500 (Eastern Standard Time)
[Handler] A triggered command "about" took 16.238401ms to execute. Execution was made by "DirtyTCM".

Tue Feb 05 2019 23:20:31 GMT-0500 (Eastern Standard Time)
[Main error] The process was closed.
Error message: pid: (8344), code: (3221225786), signal: (null)

Wed Feb 06 2019 09:53:51 GMT-0500 (Eastern Standard Time)
[Main] Thread 1 started.

Wed Feb 06 2019 09:53:53 GMT-0500 (Eastern Standard Time)
[Guilds warn] Command exit was not found.

Wed Feb 06 2019 09:53:53 GMT-0500 (Eastern Standard Time)
[Guilds warn] Command version was not found.

Wed Feb 06 2019 09:53:53 GMT-0500 (Eastern Standard Time)
[Guilds warn] Command about was not found.

Wed Feb 06 2019 09:53:53 GMT-0500 (Eastern Standard Time)
[Guilds warn] Command reboot was not found.

Wed Feb 06 2019 09:53:53 GMT-0500 (Eastern Standard Time)
[Guilds warn] Command taunt was not found.

Wed Feb 06 2019 09:53:53 GMT-0500 (Eastern Standard Time)
[Guilds warn] Command say was not found.

Wed Feb 06 2019 09:53:53 GMT-0500 (Eastern Standard Time)
[Guilds warn] Command taunt was not found.

Wed Feb 06 2019 09:53:53 GMT-0500 (Eastern Standard Time)
[Guilds warn] Command taunt was not found.

Wed Feb 06 2019 09:53:53 GMT-0500 (Eastern Standard Time)
[Guilds warn] Command taunt was not found.

Wed Feb 06 2019 09:54:03 GMT-0500 (Eastern Standard Time)
[Handler] Initializing middlewares, if any.

Wed Feb 06 2019 09:54:03 GMT-0500 (Eastern Standard Time)
[Handler] Serving 5 server(s).

Wed Feb 06 2019 09:54:03 GMT-0500 (Eastern Standard Time)
[Handler] Logged in as Promethus.

Wed Feb 06 2019 09:54:03 GMT-0500 (Eastern Standard Time)
[Handler] Initialization ready, monitoring activity...

Wed Feb 06 2019 09:56:54 GMT-0500 (Eastern Standard Time)
[Main error] The process was closed.
Error message: pid: (3960), code: (3221225786), signal: (null)

Wed Feb 06 2019 09:57:00 GMT-0500 (Eastern Standard Time)
[Main] Thread 1 started.

Wed Feb 06 2019 09:57:01 GMT-0500 (Eastern Standard Time)
[Guilds warn] Command exit was not found.

Wed Feb 06 2019 09:57:01 GMT-0500 (Eastern Standard Time)
[Guilds warn] Command version was not found.

Wed Feb 06 2019 09:57:01 GMT-0500 (Eastern Standard Time)
[Guilds warn] Command about was not found.

Wed Feb 06 2019 09:57:01 GMT-0500 (Eastern Standard Time)
[Guilds warn] Command reboot was not found.

Wed Feb 06 2019 09:57:01 GMT-0500 (Eastern Standard Time)
[Guilds warn] Command taunt was not found.

Wed Feb 06 2019 09:57:01 GMT-0500 (Eastern Standard Time)
[Guilds warn] Command say was not found.

Wed Feb 06 2019 09:57:01 GMT-0500 (Eastern Standard Time)
[Guilds warn] Command taunt was not found.

Wed Feb 06 2019 09:57:01 GMT-0500 (Eastern Standard Time)
[Guilds warn] Command taunt was not found.

Wed Feb 06 2019 09:57:01 GMT-0500 (Eastern Standard Time)
[Guilds warn] Command taunt was not found.

Wed Feb 06 2019 09:57:05 GMT-0500 (Eastern Standard Time)
[Handler] Initializing middlewares, if any.

Wed Feb 06 2019 09:57:05 GMT-0500 (Eastern Standard Time)
[Handler] Serving 5 server(s).

Wed Feb 06 2019 09:57:05 GMT-0500 (Eastern Standard Time)
[Handler] Logged in as Promethus.

Wed Feb 06 2019 09:57:05 GMT-0500 (Eastern Standard Time)
[Handler] Initialization ready, monitoring activity...

Wed Feb 06 2019 09:58:27 GMT-0500 (Eastern Standard Time)
[Handler] A triggered command "ping" took 72.241601ms to execute. Execution was made by "DirtyTCM".

Wed Feb 06 2019 09:58:32 GMT-0500 (Eastern Standard Time)
[Handler] A triggered command "uptime" took 2.4657ms to execute. Execution was made by "DirtyTCM".

Wed Feb 06 2019 09:58:58 GMT-0500 (Eastern Standard Time)
[Handler] A triggered command "chivalry" took 0.4878ms to execute. Execution was made by "DirtyTCM".

Wed Feb 06 2019 10:00:25 GMT-0500 (Eastern Standard Time)
[Handler] A triggered command "uptime" took 1.3883ms to execute. Execution was made by "Joker_Modz_".

Wed Feb 06 2019 10:00:52 GMT-0500 (Eastern Standard Time)
[Handler] A triggered command "ping" took 1.3455ms to execute. Execution was made by "Joker_Modz_".

Wed Feb 06 2019 10:06:46 GMT-0500 (Eastern Standard Time)
[Main error] The process was closed.
Error message: pid: (14376), code: (3221225786), signal: (null)

Wed Feb 06 2019 14:24:58 GMT-0500 (Eastern Standard Time)
[Main] Thread 1 started.

Wed Feb 06 2019 14:24:59 GMT-0500 (Eastern Standard Time)
[Guilds warn] Command version was not found.

Wed Feb 06 2019 14:24:59 GMT-0500 (Eastern Standard Time)
[Guilds warn] Command taunt was not found.

Wed Feb 06 2019 14:24:59 GMT-0500 (Eastern Standard Time)
[Guilds warn] Command say was not found.

Wed Feb 06 2019 14:24:59 GMT-0500 (Eastern Standard Time)
[Guilds warn] Command version was not found.

Wed Feb 06 2019 14:24:59 GMT-0500 (Eastern Standard Time)
[Guilds warn] Command taunt was not found.

Wed Feb 06 2019 14:24:59 GMT-0500 (Eastern Standard Time)
[Guilds warn] Command taunt was not found.

Wed Feb 06 2019 14:25:27 GMT-0500 (Eastern Standard Time)
[Main error] The process was closed.
Error message: pid: (15908), code: (3221225786), signal: (null)

Wed Feb 06 2019 14:37:24 GMT-0500 (Eastern Standard Time)
[Main] Thread 1 started.

Wed Feb 06 2019 14:37:25 GMT-0500 (Eastern Standard Time)
[Guilds warn] Command version was not found.

Wed Feb 06 2019 14:37:25 GMT-0500 (Eastern Standard Time)
[Guilds warn] Command taunt was not found.

Wed Feb 06 2019 14:37:25 GMT-0500 (Eastern Standard Time)
[Guilds warn] Command say was not found.

Wed Feb 06 2019 14:37:25 GMT-0500 (Eastern Standard Time)
[Guilds warn] Command version was not found.

Wed Feb 06 2019 14:37:25 GMT-0500 (Eastern Standard Time)
[Guilds warn] Command taunt was not found.

Wed Feb 06 2019 14:37:25 GMT-0500 (Eastern Standard Time)
[Guilds warn] Command taunt was not found.

Wed Feb 06 2019 14:37:27 GMT-0500 (Eastern Standard Time)
[Handler] Initializing middlewares, if any.

Wed Feb 06 2019 14:37:27 GMT-0500 (Eastern Standard Time)
[Handler] Serving 5 server(s).

Wed Feb 06 2019 14:37:27 GMT-0500 (Eastern Standard Time)
[Handler] Logged in as Promethus.

Wed Feb 06 2019 14:37:27 GMT-0500 (Eastern Standard Time)
[Handler] Initialization ready, monitoring activity...

Wed Feb 06 2019 14:37:36 GMT-0500 (Eastern Standard Time)
[Handler] A triggered command "about" took 64.902499ms to execute. Execution was made by "DirtyTCM".

Wed Feb 06 2019 14:37:39 GMT-0500 (Eastern Standard Time)
[Ligma] I'm going to log this. Log won't be displayed in the console. Only log.

Wed Feb 06 2019 14:37:39 GMT-0500 (Eastern Standard Time)
[Handler] A triggered command "ligma" took 6.1926ms to execute. Execution was made by "DirtyTCM".

Wed Feb 06 2019 14:38:02 GMT-0500 (Eastern Standard Time)
[Misc] Message author (DirtyTCM, 280189800244314113) rebooted the bot.

Wed Feb 06 2019 14:38:02 GMT-0500 (Eastern Standard Time)
[Handler] A triggered command "reboot" took 5.135401ms to execute. Execution was made by "DirtyTCM".

Wed Feb 06 2019 14:38:03 GMT-0500 (Eastern Standard Time)
[Main] The process was ordered to reboot.

Wed Feb 06 2019 14:38:03 GMT-0500 (Eastern Standard Time)
[Main] Rebooting in 5 seconds...

Wed Feb 06 2019 14:38:08 GMT-0500 (Eastern Standard Time)
[Main] Thread 2 started.

Wed Feb 06 2019 14:38:08 GMT-0500 (Eastern Standard Time)
[Guilds warn] Command version was not found.

Wed Feb 06 2019 14:38:08 GMT-0500 (Eastern Standard Time)
[Guilds warn] Command taunt was not found.

Wed Feb 06 2019 14:38:08 GMT-0500 (Eastern Standard Time)
[Guilds warn] Command say was not found.

Wed Feb 06 2019 14:38:08 GMT-0500 (Eastern Standard Time)
[Guilds warn] Command version was not found.

Wed Feb 06 2019 14:38:08 GMT-0500 (Eastern Standard Time)
[Guilds warn] Command taunt was not found.

Wed Feb 06 2019 14:38:08 GMT-0500 (Eastern Standard Time)
[Guilds warn] Command taunt was not found.

Wed Feb 06 2019 14:38:10 GMT-0500 (Eastern Standard Time)
[Handler] Initializing middlewares, if any.

Wed Feb 06 2019 14:38:10 GMT-0500 (Eastern Standard Time)
[Handler] Serving 5 server(s).

Wed Feb 06 2019 14:38:10 GMT-0500 (Eastern Standard Time)
[Handler] Logged in as Promethus.

Wed Feb 06 2019 14:38:10 GMT-0500 (Eastern Standard Time)
[Handler] Initialization ready, monitoring activity...

Wed Feb 06 2019 15:03:36 GMT-0500 (Eastern Standard Time)
[Main error] The process was closed.
Error message: pid: (11548), code: (3221225786), signal: (null)

Fri Feb 08 2019 06:07:01 GMT-0500 (Eastern Standard Time)
[Main] Thread 1 started.

Fri Feb 08 2019 06:07:01 GMT-0500 (Eastern Standard Time)
[Guilds warn] Command version was not found.

Fri Feb 08 2019 06:07:01 GMT-0500 (Eastern Standard Time)
[Guilds warn] Command taunt was not found.

Fri Feb 08 2019 06:07:01 GMT-0500 (Eastern Standard Time)
[Guilds warn] Command say was not found.

Fri Feb 08 2019 06:07:01 GMT-0500 (Eastern Standard Time)
[Guilds warn] Command version was not found.

Fri Feb 08 2019 06:07:01 GMT-0500 (Eastern Standard Time)
[Guilds warn] Command taunt was not found.

Fri Feb 08 2019 06:07:06 GMT-0500 (Eastern Standard Time)
[Handler] Initializing middlewares, if any.

Fri Feb 08 2019 06:07:06 GMT-0500 (Eastern Standard Time)
[Handler] Serving 5 server(s).

Fri Feb 08 2019 06:07:06 GMT-0500 (Eastern Standard Time)
[Handler] Logged in as Promethus.

Fri Feb 08 2019 06:07:06 GMT-0500 (Eastern Standard Time)
[Handler] Initialization ready, monitoring activity...

Fri Feb 08 2019 06:07:15 GMT-0500 (Eastern Standard Time)
[Handler] A triggered command "ping" took 16.4623ms to execute. Execution was made by "DirtyTCM".

Fri Feb 08 2019 09:25:48 GMT-0500 (Eastern Standard Time)
[Handler] Client reconnecting...

Fri Feb 08 2019 10:34:05 GMT-0500 (Eastern Standard Time)
[Handler] Client reconnecting...

Fri Feb 08 2019 11:27:10 GMT-0500 (Eastern Standard Time)
[Main error] The process was closed.
Error message: pid: (11896), code: (3221225786), signal: (null)

Fri Feb 08 2019 12:21:45 GMT-0500 (Eastern Standard Time)
[Main] Thread 1 started.

Fri Feb 08 2019 12:21:46 GMT-0500 (Eastern Standard Time)
[Guilds warn] Command version was not found.

Fri Feb 08 2019 12:21:46 GMT-0500 (Eastern Standard Time)
[Guilds warn] Command taunt was not found.

Fri Feb 08 2019 12:21:46 GMT-0500 (Eastern Standard Time)
[Guilds warn] Command say was not found.

Fri Feb 08 2019 12:21:46 GMT-0500 (Eastern Standard Time)
[Guilds warn] Command version was not found.

Fri Feb 08 2019 12:21:46 GMT-0500 (Eastern Standard Time)
[Guilds warn] Command taunt was not found.

Fri Feb 08 2019 12:21:49 GMT-0500 (Eastern Standard Time)
[Handler] Initializing middlewares, if any.

Fri Feb 08 2019 12:21:49 GMT-0500 (Eastern Standard Time)
[Handler] Serving 5 server(s).

Fri Feb 08 2019 12:21:49 GMT-0500 (Eastern Standard Time)
[Handler] Logged in as Promethus.

Fri Feb 08 2019 12:21:49 GMT-0500 (Eastern Standard Time)
[Handler] Initialization ready, monitoring activity...

Fri Feb 08 2019 12:23:04 GMT-0500 (Eastern Standard Time)
[Handler] A triggered command "uptime" took 28.448599ms to execute. Execution was made by "DirtyTCM".

Fri Feb 08 2019 12:23:25 GMT-0500 (Eastern Standard Time)
[Handler] A triggered command "about" took 56.2482ms to execute. Execution was made by "DirtyTCM".

Fri Feb 08 2019 12:23:34 GMT-0500 (Eastern Standard Time)
[Handler] A triggered command "ping" took 1.4144ms to execute. Execution was made by "DirtyTCM".

Fri Feb 08 2019 12:43:22 GMT-0500 (Eastern Standard Time)
[Handler] Client reconnecting...

Sun Feb 10 2019 01:03:22 GMT-0500 (Eastern Standard Time)
[Main] Thread 1 started.

Sun Feb 10 2019 01:03:29 GMT-0500 (Eastern Standard Time)
[Handler] Initializing middlewares, if any.

Sun Feb 10 2019 01:03:29 GMT-0500 (Eastern Standard Time)
[Handler] Could not find configuration for a guild (507909286446235670). Generating files...

Sun Feb 10 2019 01:03:29 GMT-0500 (Eastern Standard Time)
[Handler] Could not find configuration for a guild (514020357410127873). Generating files...

Sun Feb 10 2019 01:03:29 GMT-0500 (Eastern Standard Time)
[Handler] Could not find configuration for a guild (541090135458971672). Generating files...

Sun Feb 10 2019 01:03:29 GMT-0500 (Eastern Standard Time)
[Handler] Serving 4 server(s).

Sun Feb 10 2019 01:03:29 GMT-0500 (Eastern Standard Time)
[Handler] Logged in as Promethus.

Sun Feb 10 2019 01:03:29 GMT-0500 (Eastern Standard Time)
[Handler] Initialization ready, monitoring activity...

Sun Feb 10 2019 01:03:29 GMT-0500 (Eastern Standard Time)
[Handler] New guild file(s) added (./guilds/541090135458971672/guild.json).

Sun Feb 10 2019 01:03:29 GMT-0500 (Eastern Standard Time)
[Handler] Make sure the file(s) are configured properly before restarting.

Sun Feb 10 2019 01:03:29 GMT-0500 (Eastern Standard Time)
[Handler error] The process will now exit.
Error message: User must validate the new files.

Sun Feb 10 2019 01:03:29 GMT-0500 (Eastern Standard Time)
[Main error] The process was closed.
Error message: pid: (4700), code: (0), signal: (null)

Sun Feb 10 2019 01:03:34 GMT-0500 (Eastern Standard Time)
[Main] Thread 1 started.

Sun Feb 10 2019 01:03:34 GMT-0500 (Eastern Standard Time)
[Guilds warn] Command taunt was not found.

Sun Feb 10 2019 01:03:34 GMT-0500 (Eastern Standard Time)
[Guilds warn] Command taunt was not found.

Sun Feb 10 2019 01:03:34 GMT-0500 (Eastern Standard Time)
[Guilds warn] Command taunt was not found.

Sun Feb 10 2019 01:03:35 GMT-0500 (Eastern Standard Time)
[Handler] Initializing middlewares, if any.

Sun Feb 10 2019 01:03:35 GMT-0500 (Eastern Standard Time)
[Handler] Serving 4 server(s).

Sun Feb 10 2019 01:03:35 GMT-0500 (Eastern Standard Time)
[Handler] Logged in as Promethus.

Sun Feb 10 2019 01:03:36 GMT-0500 (Eastern Standard Time)
[Handler] Initialization ready, monitoring activity...

Sun Feb 10 2019 01:05:10 GMT-0500 (Eastern Standard Time)
[Handler] A triggered command "ping" took 30.360499ms to execute. Execution was made by "DirtyTCM".

Sun Feb 10 2019 01:05:24 GMT-0500 (Eastern Standard Time)
[Misc] Message author (DirtyTCM, 280189800244314113) terminated the bot.

Sun Feb 10 2019 01:05:24 GMT-0500 (Eastern Standard Time)
[Handler] A triggered command "exit" took 6.493101ms to execute. Execution was made by "DirtyTCM".

Sun Feb 10 2019 01:05:26 GMT-0500 (Eastern Standard Time)
[Main] The process was ordered to exit.

Sun Feb 10 2019 01:09:32 GMT-0500 (Eastern Standard Time)
[Main] Thread 1 started.

Sun Feb 10 2019 01:09:32 GMT-0500 (Eastern Standard Time)
[Guilds warn] Command taunt was not found.

Sun Feb 10 2019 01:09:32 GMT-0500 (Eastern Standard Time)
[Guilds warn] Command taunt was not found.

Sun Feb 10 2019 01:09:32 GMT-0500 (Eastern Standard Time)
[Guilds warn] Command taunt was not found.

Sun Feb 10 2019 01:09:34 GMT-0500 (Eastern Standard Time)
[Handler] Initializing middlewares, if any.

Sun Feb 10 2019 01:09:34 GMT-0500 (Eastern Standard Time)
[Handler] Serving 4 server(s).

Sun Feb 10 2019 01:09:34 GMT-0500 (Eastern Standard Time)
[Handler] Logged in as Promethus.

Sun Feb 10 2019 01:09:34 GMT-0500 (Eastern Standard Time)
[Handler] Initialization ready, monitoring activity...

Sun Feb 10 2019 01:09:42 GMT-0500 (Eastern Standard Time)
[Handler] A triggered command "ping" took 8.7735ms to execute. Execution was made by "DirtyTCM".

Sun Feb 10 2019 01:10:39 GMT-0500 (Eastern Standard Time)
[Main error] The process was closed.
Error message: pid: (9808), code: (3221225786), signal: (null)

Sun Feb 10 2019 01:12:05 GMT-0500 (Eastern Standard Time)
[Main] Thread 1 started.

Sun Feb 10 2019 01:12:05 GMT-0500 (Eastern Standard Time)
[Guilds warn] Command taunt was not found.

Sun Feb 10 2019 01:12:05 GMT-0500 (Eastern Standard Time)
[Guilds warn] Command taunt was not found.

Sun Feb 10 2019 01:12:06 GMT-0500 (Eastern Standard Time)
[Handler] Initializing middlewares, if any.

Sun Feb 10 2019 01:12:06 GMT-0500 (Eastern Standard Time)
[Handler] Serving 4 server(s).

Sun Feb 10 2019 01:12:06 GMT-0500 (Eastern Standard Time)
[Handler] Logged in as Promethus.

Sun Feb 10 2019 01:12:06 GMT-0500 (Eastern Standard Time)
[Handler] Initialization ready, monitoring activity...

Sun Feb 10 2019 01:12:50 GMT-0500 (Eastern Standard Time)
[Handler] A triggered command "ping" took 6.786799ms to execute. Execution was made by "DirtyTCM".

Sun Feb 10 2019 01:13:17 GMT-0500 (Eastern Standard Time)
[Antispam] Banned "Moto".

Sun Feb 10 2019 01:14:19 GMT-0500 (Eastern Standard Time)
[Main error] The process was closed.
Error message: pid: (10220), code: (3221225786), signal: (null)

Sun Feb 10 2019 01:19:53 GMT-0500 (Eastern Standard Time)
[Main] Thread 1 started.

Sun Feb 10 2019 01:19:53 GMT-0500 (Eastern Standard Time)
[Guilds warn] Command taunt was not found.

Sun Feb 10 2019 01:19:53 GMT-0500 (Eastern Standard Time)
[Guilds warn] Command taunt was not found.

Sun Feb 10 2019 01:19:55 GMT-0500 (Eastern Standard Time)
[Handler] Initializing middlewares, if any.

Sun Feb 10 2019 01:19:55 GMT-0500 (Eastern Standard Time)
[Handler] Serving 4 server(s).

Sun Feb 10 2019 01:19:55 GMT-0500 (Eastern Standard Time)
[Handler] Logged in as Promethus.

Sun Feb 10 2019 01:19:55 GMT-0500 (Eastern Standard Time)
[Handler] Initialization ready, monitoring activity...

Sun Feb 10 2019 01:21:15 GMT-0500 (Eastern Standard Time)
[Antispam error] Adding a punishment role (524890659119693834) failed.
Error message: DiscordAPIError: Missing Permissions

Sun Feb 10 2019 01:21:27 GMT-0500 (Eastern Standard Time)
[Antispam error] Adding a punishment role (524890659119693834) failed.
Error message: DiscordAPIError: Missing Permissions

Sun Feb 10 2019 01:22:18 GMT-0500 (Eastern Standard Time)
[Main error] The process was closed.
Error message: pid: (9040), code: (3221225786), signal: (null)

Sun Feb 10 2019 01:22:23 GMT-0500 (Eastern Standard Time)
[Main] Thread 1 started.

Sun Feb 10 2019 01:22:23 GMT-0500 (Eastern Standard Time)
[Guilds warn] Command taunt was not found.

Sun Feb 10 2019 01:22:23 GMT-0500 (Eastern Standard Time)
[Guilds warn] Command taunt was not found.

Sun Feb 10 2019 01:22:25 GMT-0500 (Eastern Standard Time)
[Handler] Initializing middlewares, if any.

Sun Feb 10 2019 01:22:25 GMT-0500 (Eastern Standard Time)
[Handler] Serving 4 server(s).

Sun Feb 10 2019 01:22:25 GMT-0500 (Eastern Standard Time)
[Handler] Logged in as Promethus.

Sun Feb 10 2019 01:22:25 GMT-0500 (Eastern Standard Time)
[Handler] Initialization ready, monitoring activity...

Sun Feb 10 2019 01:24:12 GMT-0500 (Eastern Standard Time)
[Misc] Message author (DirtyTCM, 280189800244314113) rebooted the bot.

Sun Feb 10 2019 01:24:12 GMT-0500 (Eastern Standard Time)
[Handler] A triggered command "reboot" took 6.618599ms to execute. Execution was made by "DirtyTCM".

Sun Feb 10 2019 01:24:13 GMT-0500 (Eastern Standard Time)
[Main] The process was ordered to reboot.

Sun Feb 10 2019 01:24:13 GMT-0500 (Eastern Standard Time)
[Main] Rebooting in 5 seconds...

Sun Feb 10 2019 01:24:19 GMT-0500 (Eastern Standard Time)
[Main] Thread 2 started.

Sun Feb 10 2019 01:24:19 GMT-0500 (Eastern Standard Time)
[Guilds warn] Command taunt was not found.

Sun Feb 10 2019 01:24:19 GMT-0500 (Eastern Standard Time)
[Guilds warn] Command taunt was not found.

Sun Feb 10 2019 01:24:20 GMT-0500 (Eastern Standard Time)
[Handler] Initializing middlewares, if any.

Sun Feb 10 2019 01:24:20 GMT-0500 (Eastern Standard Time)
[Handler] Serving 4 server(s).

Sun Feb 10 2019 01:24:20 GMT-0500 (Eastern Standard Time)
[Handler] Logged in as Promethus.

Sun Feb 10 2019 01:24:20 GMT-0500 (Eastern Standard Time)
[Handler] Initialization ready, monitoring activity...

Sun Feb 10 2019 01:25:22 GMT-0500 (Eastern Standard Time)
[Antispam] Set role "Muted" to "Moto".

Sun Feb 10 2019 01:29:36 GMT-0500 (Eastern Standard Time)
[Misc] Message author (DirtyTCM, 280189800244314113) rebooted the bot.

Sun Feb 10 2019 01:29:36 GMT-0500 (Eastern Standard Time)
[Handler] A triggered command "reboot" took 3.0093ms to execute. Execution was made by "DirtyTCM".

Sun Feb 10 2019 01:29:37 GMT-0500 (Eastern Standard Time)
[Main] The process was ordered to reboot.

Sun Feb 10 2019 01:29:37 GMT-0500 (Eastern Standard Time)
[Main] Rebooting in 5 seconds...

Sun Feb 10 2019 01:29:42 GMT-0500 (Eastern Standard Time)
[Main] Thread 3 started.

Sun Feb 10 2019 01:29:42 GMT-0500 (Eastern Standard Time)
[Guilds error] Could not get the guilds.
Error message: SyntaxError: C:\Users\studn\Desktop\Promethus Bot\tunnelerjs-master\guilds\514020357410127873\guild.json: Unexpected string in JSON at position 337

Sun Feb 10 2019 01:29:43 GMT-0500 (Eastern Standard Time)
[Handler] Initializing middlewares, if any.

Sun Feb 10 2019 01:29:43 GMT-0500 (Eastern Standard Time)
[Handler] Could not find configuration for a guild (507909286446235670). Generating files...

Sun Feb 10 2019 01:29:43 GMT-0500 (Eastern Standard Time)
[Handler] Could not find configuration for a guild (514020357410127873). Generating files...

Sun Feb 10 2019 01:29:43 GMT-0500 (Eastern Standard Time)
[Handler] Could not find configuration for a guild (524686923495899150). Generating files...

Sun Feb 10 2019 01:29:43 GMT-0500 (Eastern Standard Time)
[Handler] Could not find configuration for a guild (541090135458971672). Generating files...

Sun Feb 10 2019 01:29:43 GMT-0500 (Eastern Standard Time)
[Handler] Serving 4 server(s).

Sun Feb 10 2019 01:29:43 GMT-0500 (Eastern Standard Time)
[Handler] Logged in as Promethus.

Sun Feb 10 2019 01:29:43 GMT-0500 (Eastern Standard Time)
[Handler] Initialization ready, monitoring activity...

Sun Feb 10 2019 01:31:07 GMT-0500 (Eastern Standard Time)
[Main error] The process was closed.
Error message: pid: (5584), code: (3221225786), signal: (null)

Sun Feb 10 2019 01:31:09 GMT-0500 (Eastern Standard Time)
[Main] Thread 1 started.

Sun Feb 10 2019 01:31:09 GMT-0500 (Eastern Standard Time)
[Guilds error] Could not get the guilds.
Error message: SyntaxError: C:\Users\studn\Desktop\Promethus Bot\tunnelerjs-master\guilds\514020357410127873\guild.json: Unexpected token , in JSON at position 408

Sun Feb 10 2019 01:31:10 GMT-0500 (Eastern Standard Time)
[Handler] Initializing middlewares, if any.

Sun Feb 10 2019 01:31:10 GMT-0500 (Eastern Standard Time)
[Handler] Could not find configuration for a guild (507909286446235670). Generating files...

Sun Feb 10 2019 01:31:10 GMT-0500 (Eastern Standard Time)
[Handler] Could not find configuration for a guild (514020357410127873). Generating files...

Sun Feb 10 2019 01:31:10 GMT-0500 (Eastern Standard Time)
[Handler] Could not find configuration for a guild (524686923495899150). Generating files...

Sun Feb 10 2019 01:31:10 GMT-0500 (Eastern Standard Time)
[Handler] Could not find configuration for a guild (541090135458971672). Generating files...

Sun Feb 10 2019 01:31:10 GMT-0500 (Eastern Standard Time)
[Handler] Serving 4 server(s).

Sun Feb 10 2019 01:31:10 GMT-0500 (Eastern Standard Time)
[Handler] Logged in as Promethus.

Sun Feb 10 2019 01:31:10 GMT-0500 (Eastern Standard Time)
[Handler] Initialization ready, monitoring activity...

Sun Feb 10 2019 01:31:55 GMT-0500 (Eastern Standard Time)
[Main error] The process was closed.
Error message: pid: (1792), code: (3221225786), signal: (null)

Sun Feb 10 2019 01:31:57 GMT-0500 (Eastern Standard Time)
[Main] Thread 1 started.

Sun Feb 10 2019 01:31:57 GMT-0500 (Eastern Standard Time)
[Guilds error] Could not get the guilds.
Error message: SyntaxError: C:\Users\studn\Desktop\Promethus Bot\tunnelerjs-master\guilds\524686923495899150\guild.json: Unexpected token } in JSON at position 385

Sun Feb 10 2019 01:31:58 GMT-0500 (Eastern Standard Time)
[Handler] Initializing middlewares, if any.

Sun Feb 10 2019 01:31:58 GMT-0500 (Eastern Standard Time)
[Handler] Could not find configuration for a guild (507909286446235670). Generating files...

Sun Feb 10 2019 01:31:58 GMT-0500 (Eastern Standard Time)
[Handler] Could not find configuration for a guild (514020357410127873). Generating files...

Sun Feb 10 2019 01:31:58 GMT-0500 (Eastern Standard Time)
[Handler] Could not find configuration for a guild (524686923495899150). Generating files...

Sun Feb 10 2019 01:31:58 GMT-0500 (Eastern Standard Time)
[Handler] Could not find configuration for a guild (541090135458971672). Generating files...

Sun Feb 10 2019 01:31:58 GMT-0500 (Eastern Standard Time)
[Handler] Serving 4 server(s).

Sun Feb 10 2019 01:31:58 GMT-0500 (Eastern Standard Time)
[Handler] Logged in as Promethus.

Sun Feb 10 2019 01:31:58 GMT-0500 (Eastern Standard Time)
[Handler] Initialization ready, monitoring activity...

Sun Feb 10 2019 01:33:06 GMT-0500 (Eastern Standard Time)
[Main error] The process was closed.
Error message: pid: (10948), code: (3221225786), signal: (null)

Sun Feb 10 2019 01:33:09 GMT-0500 (Eastern Standard Time)
[Main] Thread 1 started.

Sun Feb 10 2019 01:33:09 GMT-0500 (Eastern Standard Time)
[Guilds error] Could not get the guilds.
Error message: SyntaxError: C:\Users\studn\Desktop\Promethus Bot\tunnelerjs-master\guilds\514020357410127873\guild.json: Unexpected string in JSON at position 279

Sun Feb 10 2019 01:33:10 GMT-0500 (Eastern Standard Time)
[Handler] Initializing middlewares, if any.

Sun Feb 10 2019 01:33:10 GMT-0500 (Eastern Standard Time)
[Handler] Could not find configuration for a guild (507909286446235670). Generating files...

Sun Feb 10 2019 01:33:10 GMT-0500 (Eastern Standard Time)
[Handler] Could not find configuration for a guild (514020357410127873). Generating files...

Sun Feb 10 2019 01:33:10 GMT-0500 (Eastern Standard Time)
[Handler] Could not find configuration for a guild (524686923495899150). Generating files...

Sun Feb 10 2019 01:33:10 GMT-0500 (Eastern Standard Time)
[Handler] Could not find configuration for a guild (541090135458971672). Generating files...

Sun Feb 10 2019 01:33:10 GMT-0500 (Eastern Standard Time)
[Handler] Serving 4 server(s).

Sun Feb 10 2019 01:33:10 GMT-0500 (Eastern Standard Time)
[Handler] Logged in as Promethus.

Sun Feb 10 2019 01:33:10 GMT-0500 (Eastern Standard Time)
[Handler] Initialization ready, monitoring activity...

Sun Feb 10 2019 01:33:10 GMT-0500 (Eastern Standard Time)
[Main error] The process was closed.
Error message: pid: (3672), code: (3221225786), signal: (null)

Sun Feb 10 2019 01:33:31 GMT-0500 (Eastern Standard Time)
[Main] Thread 1 started.

Sun Feb 10 2019 01:33:31 GMT-0500 (Eastern Standard Time)
[Guilds error] Could not get the guilds.
Error message: SyntaxError: C:\Users\studn\Desktop\Promethus Bot\tunnelerjs-master\guilds\514020357410127873\guild.json: Unexpected string in JSON at position 279

Sun Feb 10 2019 01:33:33 GMT-0500 (Eastern Standard Time)
[Handler] Initializing middlewares, if any.

Sun Feb 10 2019 01:33:33 GMT-0500 (Eastern Standard Time)
[Handler] Could not find configuration for a guild (507909286446235670). Generating files...

Sun Feb 10 2019 01:33:33 GMT-0500 (Eastern Standard Time)
[Handler] Could not find configuration for a guild (514020357410127873). Generating files...

Sun Feb 10 2019 01:33:33 GMT-0500 (Eastern Standard Time)
[Handler] Could not find configuration for a guild (524686923495899150). Generating files...

Sun Feb 10 2019 01:33:33 GMT-0500 (Eastern Standard Time)
[Handler] Could not find configuration for a guild (541090135458971672). Generating files...

Sun Feb 10 2019 01:33:33 GMT-0500 (Eastern Standard Time)
[Handler] Serving 4 server(s).

Sun Feb 10 2019 01:33:33 GMT-0500 (Eastern Standard Time)
[Handler] Logged in as Promethus.

Sun Feb 10 2019 01:33:33 GMT-0500 (Eastern Standard Time)
[Handler] Initialization ready, monitoring activity...

Sun Feb 10 2019 01:33:34 GMT-0500 (Eastern Standard Time)
[Main error] The process was closed.
Error message: pid: (3268), code: (3221225786), signal: (null)

Sun Feb 10 2019 01:38:42 GMT-0500 (Eastern Standard Time)
[Main] Thread 1 started.

Sun Feb 10 2019 01:38:42 GMT-0500 (Eastern Standard Time)
[Guilds error] Could not get the guilds.
Error message: SyntaxError: C:\Users\studn\Desktop\Promethus Bot\tunnelerjs-master\guilds\514020357410127873\guild.json: Unexpected string in JSON at position 354

Sun Feb 10 2019 01:38:44 GMT-0500 (Eastern Standard Time)
[Handler] Initializing middlewares, if any.

Sun Feb 10 2019 01:38:44 GMT-0500 (Eastern Standard Time)
[Handler] Could not find configuration for a guild (507909286446235670). Generating files...

Sun Feb 10 2019 01:38:44 GMT-0500 (Eastern Standard Time)
[Handler] Could not find configuration for a guild (514020357410127873). Generating files...

Sun Feb 10 2019 01:38:44 GMT-0500 (Eastern Standard Time)
[Handler] Could not find configuration for a guild (524686923495899150). Generating files...

Sun Feb 10 2019 01:38:44 GMT-0500 (Eastern Standard Time)
[Handler] Could not find configuration for a guild (541090135458971672). Generating files...

Sun Feb 10 2019 01:38:44 GMT-0500 (Eastern Standard Time)
[Handler] Serving 4 server(s).

Sun Feb 10 2019 01:38:44 GMT-0500 (Eastern Standard Time)
[Handler] Logged in as Promethus.

Sun Feb 10 2019 01:38:44 GMT-0500 (Eastern Standard Time)
[Handler] Initialization ready, monitoring activity...

Sun Feb 10 2019 01:40:40 GMT-0500 (Eastern Standard Time)
[Main error] The process was closed.
Error message: pid: (10948), code: (3221225786), signal: (null)

Sun Feb 10 2019 01:40:44 GMT-0500 (Eastern Standard Time)
[Main] Thread 1 started.

Sun Feb 10 2019 01:40:44 GMT-0500 (Eastern Standard Time)
[Guilds warn] Command taunt was not found.

Sun Feb 10 2019 01:40:44 GMT-0500 (Eastern Standard Time)
[Guilds warn] Command taunt was not found.

Sun Feb 10 2019 01:40:45 GMT-0500 (Eastern Standard Time)
[Handler] Initializing middlewares, if any.

Sun Feb 10 2019 01:40:45 GMT-0500 (Eastern Standard Time)
[Handler] Serving 4 server(s).

Sun Feb 10 2019 01:40:45 GMT-0500 (Eastern Standard Time)
[Handler] Logged in as Promethus.

Sun Feb 10 2019 01:40:45 GMT-0500 (Eastern Standard Time)
[Handler] Initialization ready, monitoring activity...

Sun Feb 10 2019 01:45:09 GMT-0500 (Eastern Standard Time)
[Misc] Message author (DirtyTCM, 280189800244314113) terminated the bot.

Sun Feb 10 2019 01:45:09 GMT-0500 (Eastern Standard Time)
[Handler] A triggered command "exit" took 7.1077ms to execute. Execution was made by "DirtyTCM".

Sun Feb 10 2019 01:45:11 GMT-0500 (Eastern Standard Time)
[Main] The process was ordered to exit.

Sun Feb 10 2019 01:45:32 GMT-0500 (Eastern Standard Time)
[Main] Thread 1 started.

Sun Feb 10 2019 01:45:32 GMT-0500 (Eastern Standard Time)
[Guilds warn] Command taunt was not found.

Sun Feb 10 2019 01:45:32 GMT-0500 (Eastern Standard Time)
[Guilds warn] Command taunt was not found.

Sun Feb 10 2019 01:45:34 GMT-0500 (Eastern Standard Time)
[Handler] Initializing middlewares, if any.

Sun Feb 10 2019 01:45:34 GMT-0500 (Eastern Standard Time)
[Handler] Serving 4 server(s).

Sun Feb 10 2019 01:45:34 GMT-0500 (Eastern Standard Time)
[Handler] Logged in as Promethus.

Sun Feb 10 2019 01:45:34 GMT-0500 (Eastern Standard Time)
[Handler] Initialization ready, monitoring activity...

Sun Feb 10 2019 01:46:22 GMT-0500 (Eastern Standard Time)
[Antispam error] Adding a punishment role (524890659119693834) failed.
Error message: DiscordAPIError: Missing Permissions

Sun Feb 10 2019 01:49:30 GMT-0500 (Eastern Standard Time)
[Antispam error] Adding a punishment role (524890659119693834) failed.
Error message: DiscordAPIError: Missing Permissions

Sun Feb 10 2019 01:49:36 GMT-0500 (Eastern Standard Time)
[Handler] A triggered command "ping" took 1.993801ms to execute. Execution was made by "DirtyTCM".

Sun Feb 10 2019 01:49:42 GMT-0500 (Eastern Standard Time)
[Misc] Message author (DirtyTCM, 280189800244314113) terminated the bot.

Sun Feb 10 2019 01:49:42 GMT-0500 (Eastern Standard Time)
[Handler] A triggered command "exit" took 4.2506ms to execute. Execution was made by "DirtyTCM".

Sun Feb 10 2019 01:49:44 GMT-0500 (Eastern Standard Time)
[Main] The process was ordered to exit.

Mon Feb 11 2019 08:55:27 GMT-0500 (Eastern Standard Time)
[Main] Thread 1 started.

Mon Feb 11 2019 08:55:28 GMT-0500 (Eastern Standard Time)
[Guilds warn] Command taunt was not found.

Mon Feb 11 2019 08:55:28 GMT-0500 (Eastern Standard Time)
[Guilds warn] Command taunt was not found.

Mon Feb 11 2019 08:55:32 GMT-0500 (Eastern Standard Time)
[Handler] Initializing middlewares, if any.

Mon Feb 11 2019 08:55:32 GMT-0500 (Eastern Standard Time)
[Handler] Serving 4 server(s).

Mon Feb 11 2019 08:55:32 GMT-0500 (Eastern Standard Time)
[Handler] Logged in as Promethus.

Mon Feb 11 2019 08:55:32 GMT-0500 (Eastern Standard Time)
[Handler] Initialization ready, monitoring activity...

Mon Feb 11 2019 08:55:38 GMT-0500 (Eastern Standard Time)
[Handler] A triggered command "ping" took 53.4056ms to execute. Execution was made by "DirtyTCM".

Mon Feb 11 2019 08:56:54 GMT-0500 (Eastern Standard Time)
[Main error] The process was closed.
Error message: pid: (7588), code: (3221225786), signal: (null)

Mon Feb 11 2019 09:02:24 GMT-0500 (Eastern Standard Time)
[Main] Thread 1 started.

Mon Feb 11 2019 09:02:24 GMT-0500 (Eastern Standard Time)
[Guilds warn] Command taunt was not found.

Mon Feb 11 2019 09:02:24 GMT-0500 (Eastern Standard Time)
[Guilds warn] Command taunt was not found.

Mon Feb 11 2019 09:02:25 GMT-0500 (Eastern Standard Time)
[Handler] Initializing middlewares, if any.

Mon Feb 11 2019 09:02:25 GMT-0500 (Eastern Standard Time)
[Handler] Serving 4 server(s).

Mon Feb 11 2019 09:02:25 GMT-0500 (Eastern Standard Time)
[Handler] Logged in as Promethus.

Mon Feb 11 2019 09:02:25 GMT-0500 (Eastern Standard Time)
[Handler] Initialization ready, monitoring activity...

Mon Feb 11 2019 09:03:14 GMT-0500 (Eastern Standard Time)
[Handler] A triggered command "ping" took 14.6939ms to execute. Execution was made by "DirtyTCM".

Mon Feb 11 2019 09:03:52 GMT-0500 (Eastern Standard Time)
[Handler] A triggered command "ping" took 2.8714ms to execute. Execution was made by "DirtyTCM".

Mon Feb 11 2019 09:06:21 GMT-0500 (Eastern Standard Time)
[Misc] Message author (DirtyTCM, 280189800244314113) rebooted the bot.

Mon Feb 11 2019 09:06:21 GMT-0500 (Eastern Standard Time)
[Handler] A triggered command "reboot" took 8.448ms to execute. Execution was made by "DirtyTCM".

Mon Feb 11 2019 09:06:23 GMT-0500 (Eastern Standard Time)
[Main] The process was ordered to reboot.

Mon Feb 11 2019 09:06:23 GMT-0500 (Eastern Standard Time)
[Main] Rebooting in 5 seconds...

Mon Feb 11 2019 09:06:28 GMT-0500 (Eastern Standard Time)
[Main] Thread 2 started.

Mon Feb 11 2019 09:06:28 GMT-0500 (Eastern Standard Time)
[Guilds warn] Command taunt was not found.

Mon Feb 11 2019 09:06:28 GMT-0500 (Eastern Standard Time)
[Guilds warn] Command taunt was not found.

Mon Feb 11 2019 09:06:29 GMT-0500 (Eastern Standard Time)
[Handler] Initializing middlewares, if any.

Mon Feb 11 2019 09:06:29 GMT-0500 (Eastern Standard Time)
[Handler] Serving 4 server(s).

Mon Feb 11 2019 09:06:29 GMT-0500 (Eastern Standard Time)
[Handler] Logged in as Promethus.

Mon Feb 11 2019 09:06:29 GMT-0500 (Eastern Standard Time)
[Handler] Initialization ready, monitoring activity...

Mon Feb 11 2019 09:06:40 GMT-0500 (Eastern Standard Time)
[Handler] A triggered command "ping" took 9.831299ms to execute. Execution was made by "DirtyTCM".

Mon Feb 11 2019 09:07:15 GMT-0500 (Eastern Standard Time)
[Handler] A triggered command "ping" took 0.9984ms to execute. Execution was made by "Reklez".

Mon Feb 11 2019 09:07:33 GMT-0500 (Eastern Standard Time)
[Main error] The process was closed.
Error message: pid: (5744), code: (3221225786), signal: (null)

Mon Feb 11 2019 09:07:36 GMT-0500 (Eastern Standard Time)
[Main] Thread 1 started.

Mon Feb 11 2019 09:07:36 GMT-0500 (Eastern Standard Time)
[Guilds error] Could not get the guilds.
Error message: SyntaxError: C:\Users\studn\Desktop\Promethus Bot\tunnelerjs-master\guilds\524686923495899150\guild.json: Unexpected end of JSON input

Mon Feb 11 2019 09:07:37 GMT-0500 (Eastern Standard Time)
[Handler] Initializing middlewares, if any.

Mon Feb 11 2019 09:07:37 GMT-0500 (Eastern Standard Time)
[Handler] Could not find configuration for a guild (507909286446235670). Generating files...

Mon Feb 11 2019 09:07:37 GMT-0500 (Eastern Standard Time)
[Handler] Could not find configuration for a guild (514020357410127873). Generating files...

Mon Feb 11 2019 09:07:37 GMT-0500 (Eastern Standard Time)
[Handler] Could not find configuration for a guild (524686923495899150). Generating files...

Mon Feb 11 2019 09:07:37 GMT-0500 (Eastern Standard Time)
[Handler] Could not find configuration for a guild (541090135458971672). Generating files...

Mon Feb 11 2019 09:07:37 GMT-0500 (Eastern Standard Time)
[Handler] Serving 4 server(s).

Mon Feb 11 2019 09:07:37 GMT-0500 (Eastern Standard Time)
[Handler] Logged in as Promethus.

Mon Feb 11 2019 09:07:37 GMT-0500 (Eastern Standard Time)
[Handler] Initialization ready, monitoring activity...

Mon Feb 11 2019 09:08:29 GMT-0500 (Eastern Standard Time)
[Main error] The process was closed.
Error message: pid: (10788), code: (3221225786), signal: (null)

Mon Feb 11 2019 09:08:33 GMT-0500 (Eastern Standard Time)
[Main] Thread 1 started.

Mon Feb 11 2019 09:08:33 GMT-0500 (Eastern Standard Time)
[Guilds warn] Command taunt was not found.

Mon Feb 11 2019 09:08:33 GMT-0500 (Eastern Standard Time)
[Guilds warn] Command taunt was not found.

Mon Feb 11 2019 09:08:35 GMT-0500 (Eastern Standard Time)
[Handler] Initializing middlewares, if any.

Mon Feb 11 2019 09:08:35 GMT-0500 (Eastern Standard Time)
[Handler] Serving 4 server(s).

Mon Feb 11 2019 09:08:35 GMT-0500 (Eastern Standard Time)
[Handler] Logged in as Promethus.

Mon Feb 11 2019 09:08:35 GMT-0500 (Eastern Standard Time)
[Handler] Initialization ready, monitoring activity...

Mon Feb 11 2019 09:08:48 GMT-0500 (Eastern Standard Time)
[Handler] A triggered command "ping" took 7.4857ms to execute. Execution was made by "Reklez".

Mon Feb 11 2019 09:09:03 GMT-0500 (Eastern Standard Time)
[Handler] A triggered command "uptime" took 4.3897ms to execute. Execution was made by "DirtyTCM".

Mon Feb 11 2019 09:09:15 GMT-0500 (Eastern Standard Time)
[Handler] A triggered command "ping" took 1.188101ms to execute. Execution was made by "Moto".

Mon Feb 11 2019 09:09:57 GMT-0500 (Eastern Standard Time)
[Misc] Message author (DirtyTCM, 280189800244314113) terminated the bot.

Mon Feb 11 2019 09:09:57 GMT-0500 (Eastern Standard Time)
[Handler] A triggered command "exit" took 10.359701ms to execute. Execution was made by "DirtyTCM".

Mon Feb 11 2019 09:09:59 GMT-0500 (Eastern Standard Time)
[Main] The process was ordered to exit.

Mon Feb 11 2019 09:10:01 GMT-0500 (Eastern Standard Time)
[Main] Thread 1 started.

Mon Feb 11 2019 09:10:01 GMT-0500 (Eastern Standard Time)
[Guilds warn] Command taunt was not found.

Mon Feb 11 2019 09:10:01 GMT-0500 (Eastern Standard Time)
[Guilds warn] Command taunt was not found.

Mon Feb 11 2019 09:10:03 GMT-0500 (Eastern Standard Time)
[Handler] Initializing middlewares, if any.

Mon Feb 11 2019 09:10:03 GMT-0500 (Eastern Standard Time)
[Handler] Serving 4 server(s).

Mon Feb 11 2019 09:10:03 GMT-0500 (Eastern Standard Time)
[Handler] Logged in as Promethus.

Mon Feb 11 2019 09:10:03 GMT-0500 (Eastern Standard Time)
[Handler] Initialization ready, monitoring activity...

Mon Feb 11 2019 09:10:50 GMT-0500 (Eastern Standard Time)
[Handler] A triggered command "about" took 74.3172ms to execute. Execution was made by "DirtyTCM".

Mon Feb 11 2019 09:11:14 GMT-0500 (Eastern Standard Time)
[Misc] Message author (DirtyTCM, 280189800244314113) rebooted the bot.

Mon Feb 11 2019 09:11:14 GMT-0500 (Eastern Standard Time)
[Handler] A triggered command "reboot" took 5.272299ms to execute. Execution was made by "DirtyTCM".

Mon Feb 11 2019 09:11:15 GMT-0500 (Eastern Standard Time)
[Main] The process was ordered to reboot.

Mon Feb 11 2019 09:11:15 GMT-0500 (Eastern Standard Time)
[Main] Rebooting in 5 seconds...

Mon Feb 11 2019 09:11:21 GMT-0500 (Eastern Standard Time)
[Main] Thread 2 started.

Mon Feb 11 2019 09:11:21 GMT-0500 (Eastern Standard Time)
[Guilds warn] Command taunt was not found.

Mon Feb 11 2019 09:11:21 GMT-0500 (Eastern Standard Time)
[Guilds warn] Command taunt was not found.

Mon Feb 11 2019 09:11:22 GMT-0500 (Eastern Standard Time)
[Handler] Initializing middlewares, if any.

Mon Feb 11 2019 09:11:22 GMT-0500 (Eastern Standard Time)
[Handler] Serving 4 server(s).

Mon Feb 11 2019 09:11:22 GMT-0500 (Eastern Standard Time)
[Handler] Logged in as Promethus.

Mon Feb 11 2019 09:11:22 GMT-0500 (Eastern Standard Time)
[Handler] Initialization ready, monitoring activity...

Mon Feb 11 2019 09:11:32 GMT-0500 (Eastern Standard Time)
[Handler] A triggered command "uptime" took 11.9246ms to execute. Execution was made by "DirtyTCM".

Mon Feb 11 2019 09:15:21 GMT-0500 (Eastern Standard Time)
[Handler] A triggered command "ping" took 2.526ms to execute. Execution was made by "Twin Turbo".

Mon Feb 11 2019 09:15:55 GMT-0500 (Eastern Standard Time)
[Handler] A triggered command "ping" took 1.3799ms to execute. Execution was made by "RB".

Mon Feb 11 2019 09:22:14 GMT-0500 (Eastern Standard Time)
[Handler] A triggered command "ping" took 1.0614ms to execute. Execution was made by "Reklez".

Mon Feb 11 2019 09:54:04 GMT-0500 (Eastern Standard Time)
[Handler] A triggered command "ping" took 1.804ms to execute. Execution was made by "Sterben".

Mon Feb 11 2019 09:54:20 GMT-0500 (Eastern Standard Time)
[Handler] A triggered command "ping" took 0.679201ms to execute. Execution was made by "Sterben".

Mon Feb 11 2019 09:55:35 GMT-0500 (Eastern Standard Time)
[Handler] A triggered command "ping" took 1.3026ms to execute. Execution was made by "DirtyTCM".

Mon Feb 11 2019 10:42:49 GMT-0500 (Eastern Standard Time)
[Handler] A triggered command "ping" took 1.2575ms to execute. Execution was made by "Reklez".

Mon Feb 11 2019 12:07:02 GMT-0500 (Eastern Standard Time)
[Main error] The process encountered an error and crashed.
Error message: pid: (8176), code: (1), signal: (null)

Mon Feb 11 2019 12:07:02 GMT-0500 (Eastern Standard Time)
[Main] Rebooting in 1 second...

Mon Feb 11 2019 12:07:03 GMT-0500 (Eastern Standard Time)
[Main] Thread 3 started.

Mon Feb 11 2019 12:07:04 GMT-0500 (Eastern Standard Time)
[Guilds warn] Command taunt was not found.

Mon Feb 11 2019 12:07:04 GMT-0500 (Eastern Standard Time)
[Guilds warn] Command taunt was not found.

Mon Feb 11 2019 12:07:07 GMT-0500 (Eastern Standard Time)
[Handler] Initializing middlewares, if any.

Mon Feb 11 2019 12:07:07 GMT-0500 (Eastern Standard Time)
[Handler] Serving 4 server(s).

Mon Feb 11 2019 12:07:07 GMT-0500 (Eastern Standard Time)
[Handler] Logged in as Promethus.

Mon Feb 11 2019 12:07:07 GMT-0500 (Eastern Standard Time)
[Handler] Initialization ready, monitoring activity...

Mon Feb 11 2019 12:11:59 GMT-0500 (Eastern Standard Time)
[Main error] The process encountered an error and crashed.
Error message: pid: (2580), code: (1), signal: (null)

Mon Feb 11 2019 12:11:59 GMT-0500 (Eastern Standard Time)
[Main] Rebooting in 1 second...

Mon Feb 11 2019 12:12:00 GMT-0500 (Eastern Standard Time)
[Main] Thread 4 started.

Mon Feb 11 2019 12:12:00 GMT-0500 (Eastern Standard Time)
[Guilds warn] Command taunt was not found.

Mon Feb 11 2019 12:12:00 GMT-0500 (Eastern Standard Time)
[Guilds warn] Command taunt was not found.

Mon Feb 11 2019 12:12:02 GMT-0500 (Eastern Standard Time)
[Handler] Initializing middlewares, if any.

Mon Feb 11 2019 12:12:02 GMT-0500 (Eastern Standard Time)
[Handler] Serving 4 server(s).

Mon Feb 11 2019 12:12:02 GMT-0500 (Eastern Standard Time)
[Handler] Logged in as Promethus.

Mon Feb 11 2019 12:12:02 GMT-0500 (Eastern Standard Time)
[Handler] Initialization ready, monitoring activity...

Mon Feb 11 2019 21:22:49 GMT-0500 (Eastern Standard Time)
[Handler] A triggered command "ping" took 73.5952ms to execute. Execution was made by "DirtyTCM".

Mon Feb 11 2019 23:11:27 GMT-0500 (Eastern Standard Time)
[Handler] A triggered command "uptime" took 11.819299ms to execute. Execution was made by "DirtyTCM".

Tue Feb 12 2019 01:03:03 GMT-0500 (Eastern Standard Time)
[Main error] The process encountered an error and crashed.
Error message: pid: (9088), code: (1), signal: (null)

Tue Feb 12 2019 01:03:03 GMT-0500 (Eastern Standard Time)
[Main] Rebooting in 1 second...

Tue Feb 12 2019 01:03:05 GMT-0500 (Eastern Standard Time)
[Main] Thread 5 started.

Tue Feb 12 2019 01:03:05 GMT-0500 (Eastern Standard Time)
[Guilds warn] Command taunt was not found.

Tue Feb 12 2019 01:03:05 GMT-0500 (Eastern Standard Time)
[Guilds warn] Command taunt was not found.

Sun Feb 17 2019 02:34:37 GMT-0500 (Eastern Standard Time)
[Main] Thread 1 started.

Sun Feb 17 2019 02:34:37 GMT-0500 (Eastern Standard Time)
[Guilds warn] Command taunt was not found.

Sun Feb 17 2019 02:34:37 GMT-0500 (Eastern Standard Time)
[Guilds warn] Command taunt was not found.

Sun Feb 17 2019 02:34:41 GMT-0500 (Eastern Standard Time)
[Handler] Initializing middlewares, if any.

Sun Feb 17 2019 02:34:41 GMT-0500 (Eastern Standard Time)
[Handler] Serving 2 server(s).

Sun Feb 17 2019 02:34:41 GMT-0500 (Eastern Standard Time)
[Handler] Logged in as Promethus.

Sun Feb 17 2019 02:34:41 GMT-0500 (Eastern Standard Time)
[Handler] Initialization ready, monitoring activity...

Sun Feb 17 2019 02:34:47 GMT-0500 (Eastern Standard Time)
[Handler] A triggered command "ping" took 11.257399ms to execute. Execution was made by "DirtyTCM".

Sun Feb 17 2019 04:30:54 GMT-0500 (Eastern Standard Time)
[Handler] A triggered command "ping" took 8.871401ms to execute. Execution was made by "DirtyTCM".

Sun Feb 17 2019 16:37:23 GMT-0500 (Eastern Standard Time)
[Main error] The process encountered an error and crashed.
Error message: pid: (6332), code: (1), signal: (null)

Sun Feb 17 2019 16:37:26 GMT-0500 (Eastern Standard Time)
[Main] Rebooting in 1 second...

Sun Feb 17 2019 16:37:31 GMT-0500 (Eastern Standard Time)
[Main] Thread 2 started.

Sun Feb 17 2019 16:37:33 GMT-0500 (Eastern Standard Time)
[Guilds warn] Command taunt was not found.

Sun Feb 17 2019 16:37:33 GMT-0500 (Eastern Standard Time)
[Guilds warn] Command taunt was not found.

Sun Feb 17 2019 16:37:36 GMT-0500 (Eastern Standard Time)
[Handler] Initializing middlewares, if any.

Sun Feb 17 2019 16:37:36 GMT-0500 (Eastern Standard Time)
[Handler] Serving 2 server(s).

Sun Feb 17 2019 16:37:36 GMT-0500 (Eastern Standard Time)
[Handler] Logged in as Promethus.

Sun Feb 17 2019 16:37:36 GMT-0500 (Eastern Standard Time)
[Handler] Initialization ready, monitoring activity...

Sun Feb 17 2019 16:41:38 GMT-0500 (Eastern Standard Time)
[Handler] A triggered command "uptime" took 8.2651ms to execute. Execution was made by "DirtyTCM".

Sun Feb 17 2019 17:04:38 GMT-0500 (Eastern Standard Time)
[Handler] A triggered command "uptime" took 1.4965ms to execute. Execution was made by "DirtyTCM".

Sun Feb 17 2019 23:14:52 GMT-0500 (Eastern Standard Time)
[Main error] The process encountered an error and crashed.
Error message: pid: (8368), code: (1), signal: (null)

Sun Feb 17 2019 23:14:53 GMT-0500 (Eastern Standard Time)
[Main] Rebooting in 1 second...

Sun Feb 17 2019 23:15:07 GMT-0500 (Eastern Standard Time)
[Main] Thread 3 started.

Sun Feb 17 2019 23:15:07 GMT-0500 (Eastern Standard Time)
[Guilds warn] Command taunt was not found.

Sun Feb 17 2019 23:15:07 GMT-0500 (Eastern Standard Time)
[Guilds warn] Command taunt was not found.

Sun Feb 17 2019 23:15:09 GMT-0500 (Eastern Standard Time)
[Handler] Initializing middlewares, if any.

Sun Feb 17 2019 23:15:09 GMT-0500 (Eastern Standard Time)
[Handler] Serving 2 server(s).

Sun Feb 17 2019 23:15:09 GMT-0500 (Eastern Standard Time)
[Handler] Logged in as Promethus.

Sun Feb 17 2019 23:15:09 GMT-0500 (Eastern Standard Time)
[Handler] Initialization ready, monitoring activity...

Mon Feb 18 2019 00:24:33 GMT-0500 (Eastern Standard Time)
[Handler] A triggered command "uptime" took 45.292101ms to execute. Execution was made by "DirtyTCM".

Mon Feb 18 2019 01:24:51 GMT-0500 (Eastern Standard Time)
[Handler] A triggered command "uptime" took 2.1366ms to execute. Execution was made by "DirtyTCM".

Mon Feb 18 2019 01:36:00 GMT-0500 (Eastern Standard Time)
[Handler] A triggered command "ping" took 2.617601ms to execute. Execution was made by "DirtyTCM".

Mon Feb 18 2019 02:42:30 GMT-0500 (Eastern Standard Time)
[Handler] A triggered command "uptime" took 1.243699ms to execute. Execution was made by "DirtyTCM".

Mon Feb 18 2019 02:45:28 GMT-0500 (Eastern Standard Time)
[Handler] A triggered command "uptime" took 1.6776ms to execute. Execution was made by "Astronaut John".

Mon Feb 18 2019 03:00:51 GMT-0500 (Eastern Standard Time)
[Handler] A triggered command "ping" took 1.223501ms to execute. Execution was made by "RB".

Mon Feb 18 2019 03:07:41 GMT-0500 (Eastern Standard Time)
[Handler] A triggered command "about" took 71.332699ms to execute. Execution was made by "DirtyTCM".

Mon Feb 18 2019 04:51:58 GMT-0500 (Eastern Standard Time)
[Main error] The process was closed.
Error message: pid: (13700), code: (3221225786), signal: (null)

Mon Feb 18 2019 04:55:44 GMT-0500 (Eastern Standard Time)
[Main] Thread 1 started.

Mon Feb 18 2019 04:55:44 GMT-0500 (Eastern Standard Time)
[Guilds warn] Command taunt was not found.

Mon Feb 18 2019 04:55:44 GMT-0500 (Eastern Standard Time)
[Guilds warn] Command taunt was not found.

Mon Feb 18 2019 04:55:45 GMT-0500 (Eastern Standard Time)
[Handler] Initializing middlewares, if any.

Mon Feb 18 2019 04:55:45 GMT-0500 (Eastern Standard Time)
[Handler] Serving 2 server(s).

Mon Feb 18 2019 04:55:45 GMT-0500 (Eastern Standard Time)
[Handler] Logged in as Promethus.

Mon Feb 18 2019 04:55:45 GMT-0500 (Eastern Standard Time)
[Handler] Initialization ready, monitoring activity...

Mon Feb 18 2019 06:39:12 GMT-0500 (Eastern Standard Time)
[Main error] The process encountered an error and crashed.
Error message: pid: (15332), code: (1), signal: (null)

Mon Feb 18 2019 06:39:12 GMT-0500 (Eastern Standard Time)
[Main] Rebooting in 1 second...

Mon Feb 18 2019 06:39:13 GMT-0500 (Eastern Standard Time)
[Main] Thread 2 started.

Mon Feb 18 2019 06:39:13 GMT-0500 (Eastern Standard Time)
[Guilds warn] Command taunt was not found.

Mon Feb 18 2019 06:39:13 GMT-0500 (Eastern Standard Time)
[Guilds warn] Command taunt was not found.

Mon Feb 18 2019 15:47:51 GMT-0500 (Eastern Standard Time)
[Main error] The process was closed.
Error message: pid: (11448), code: (3221225786), signal: (null)

Mon Feb 18 2019 15:55:31 GMT-0500 (Eastern Standard Time)
[Main] Thread 1 started.

Mon Feb 18 2019 15:55:31 GMT-0500 (Eastern Standard Time)
[Guilds warn] Command taunt was not found.

Mon Feb 18 2019 15:55:31 GMT-0500 (Eastern Standard Time)
[Guilds warn] Command taunt was not found.

Mon Feb 18 2019 15:55:33 GMT-0500 (Eastern Standard Time)
[Handler] Initializing middlewares, if any.

Mon Feb 18 2019 15:55:33 GMT-0500 (Eastern Standard Time)
[Handler] Serving 2 server(s).

Mon Feb 18 2019 15:55:33 GMT-0500 (Eastern Standard Time)
[Handler] Logged in as Promethus.

Mon Feb 18 2019 15:55:33 GMT-0500 (Eastern Standard Time)
[Handler] Initialization ready, monitoring activity...

Mon Feb 18 2019 15:55:58 GMT-0500 (Eastern Standard Time)
[Handler] A triggered command "ping" took 28.7632ms to execute. Execution was made by "DirtyTCM".

Mon Feb 18 2019 16:08:00 GMT-0500 (Eastern Standard Time)
[Handler] A triggered command "ping" took 4.4878ms to execute. Execution was made by "BreakTheGame".

